2024-05-18 01:52:55,023 [INFO] ApplicationProperties:184 - Using Application install path: C:\Program Files (x86)\STM32CubeIDE_1.12.1\STM32CubeIDE\plugins\com.st.stm32cube.common.mx_6.8.1.202304191431
2024-05-18 01:52:55,041 [INFO] DbMcusXml:78 - Set database path to: C:\Program Files (x86)\STM32CubeIDE_1.12.1\STM32CubeIDE\plugins\com.st.stm32cube.common.mx_6.8.1.202304191431\\db\/mcu/
2024-05-18 01:52:55,041 [INFO] ApiDb:274 - Set plugin database path to: C:\Program Files (x86)\STM32CubeIDE_1.12.1\STM32CubeIDE\plugins\com.st.stm32cube.common.mx_6.8.1.202304191431\\db\/plugins/boardmanager/
2024-05-18 01:52:55,042 [WARN] ApiDb:259 - Overriding images path with different value:  => C:\Program Files (x86)\STM32CubeIDE_1.12.1\STM32CubeIDE\plugins\com.st.stm32cube.common.mx_6.8.1.202304191431\\db\/plugins/mcufinder/images/
2024-05-18 01:52:55,051 [INFO] ApiDb:250 - Set database path to: C:\Users\Shivam\.stmcufinder\plugins\mcufinder//mcu/
2024-05-18 01:52:55,052 [INFO] DbMcusAds:125 - Set database path to: C:\Users\Shivam\.stmcufinder\plugins\mcufinder//mcu/
2024-05-18 01:52:55,136 [INFO] CrossReferenceDbSqlite:203 - Set database path to: C:\Users\Shivam\.stmcufinder\plugins\mcufinder//mcu/cs/
2024-05-18 01:52:55,196 [INFO] RulesReader:64 - Compatibility file has been processed (293 Rules)
2024-05-18 01:52:55,251 [INFO] DbMcusXml:78 - Set database path to: C:\Program Files (x86)\STM32CubeIDE_1.12.1\STM32CubeIDE\plugins\com.st.stm32cube.common.mx_6.8.1.202304191431\\db\/mcu/
2024-05-18 01:52:55,251 [INFO] ApiDb:274 - Set plugin database path to: C:\Program Files (x86)\STM32CubeIDE_1.12.1\STM32CubeIDE\plugins\com.st.stm32cube.common.mx_6.8.1.202304191431\\db\/plugins/boardmanager/
2024-05-18 01:52:55,251 [INFO] ApiDb:261 - Set plugin images path to: C:\Program Files (x86)\STM32CubeIDE_1.12.1\STM32CubeIDE\plugins\com.st.stm32cube.common.mx_6.8.1.202304191431\\db\/plugins/mcufinder/images/
2024-05-18 01:52:55,251 [WARN] DbFile:41 - Overriding database path with different value: C:\Users\Shivam\.stmcufinder\plugins\mcufinder/ => C:\Users\Shivam\.stmcufinder\plugins\mcufinder
2024-05-18 01:52:55,251 [INFO] ApiDb:250 - Set database path to: C:\Users\Shivam\.stmcufinder\plugins\mcufinder//mcu/
2024-05-18 01:52:55,251 [WARN] DbFile:41 - Overriding database path with different value: C:\Users\Shivam\.stmcufinder\plugins\mcufinder/ => C:\Users\Shivam\.stmcufinder\plugins\mcufinder
2024-05-18 01:52:55,251 [INFO] DbMcusAds:125 - Set database path to: C:\Users\Shivam\.stmcufinder\plugins\mcufinder//mcu/
2024-05-18 01:52:55,251 [WARN] DbFile:41 - Overriding database path with different value: C:\Users\Shivam\.stmcufinder\plugins\mcufinder/ => C:\Users\Shivam\.stmcufinder\plugins\mcufinder
2024-05-18 01:52:55,251 [WARN] DbFile:41 - Overriding database path with different value: C:\Users\Shivam\.stmcufinder\plugins\mcufinder/ => C:\Users\Shivam\.stmcufinder\plugins\mcufinder
2024-05-18 01:52:55,251 [INFO] CrossReferenceDbSqlite:203 - Set database path to: C:\Users\Shivam\.stmcufinder\plugins\mcufinder//mcu/cs/
2024-05-18 01:52:55,298 [INFO] MainPanel:253 - HeapMemory: 268435456
2024-05-18 01:52:55,367 [INFO] DbMcusXml:78 - Set database path to: C:\Program Files (x86)\STM32CubeIDE_1.12.1\STM32CubeIDE\plugins\com.st.stm32cube.common.mx_6.8.1.202304191431\\db\/mcu/
2024-05-18 01:52:55,367 [INFO] ApiDb:274 - Set plugin database path to: C:\Program Files (x86)\STM32CubeIDE_1.12.1\STM32CubeIDE\plugins\com.st.stm32cube.common.mx_6.8.1.202304191431\\db\/plugins/boardmanager/
2024-05-18 01:52:55,367 [INFO] ApiDb:261 - Set plugin images path to: C:\Program Files (x86)\STM32CubeIDE_1.12.1\STM32CubeIDE\plugins\com.st.stm32cube.common.mx_6.8.1.202304191431\\db\/plugins/mcufinder/images/
2024-05-18 01:52:55,367 [WARN] DbFile:41 - Overriding database path with different value: C:\Users\Shivam\.stmcufinder\plugins\mcufinder/ => C:\Users\Shivam\.stmcufinder\plugins\mcufinder
2024-05-18 01:52:55,368 [INFO] ApiDb:250 - Set database path to: C:\Users\Shivam\.stmcufinder\plugins\mcufinder//mcu/
2024-05-18 01:52:55,368 [WARN] DbFile:41 - Overriding database path with different value: C:\Users\Shivam\.stmcufinder\plugins\mcufinder/ => C:\Users\Shivam\.stmcufinder\plugins\mcufinder
2024-05-18 01:52:55,368 [INFO] DbMcusAds:125 - Set database path to: C:\Users\Shivam\.stmcufinder\plugins\mcufinder//mcu/
2024-05-18 01:52:55,368 [WARN] DbFile:41 - Overriding database path with different value: C:\Users\Shivam\.stmcufinder\plugins\mcufinder/ => C:\Users\Shivam\.stmcufinder\plugins\mcufinder
2024-05-18 01:52:55,368 [WARN] DbFile:41 - Overriding database path with different value: C:\Users\Shivam\.stmcufinder\plugins\mcufinder/ => C:\Users\Shivam\.stmcufinder\plugins\mcufinder
2024-05-18 01:52:55,368 [INFO] CrossReferenceDbSqlite:203 - Set database path to: C:\Users\Shivam\.stmcufinder\plugins\mcufinder//mcu/cs/
2024-05-18 01:52:55,383 [INFO] ApplicationProperties:184 - Using Application install path: C:\Program Files (x86)\STM32CubeIDE_1.12.1\STM32CubeIDE\plugins\com.st.stm32cube.common.mx_6.8.1.202304191431
2024-05-18 01:52:55,384 [INFO] PluginManage:196 - Search for loadable plugins [exclusion list=, ]
2024-05-18 01:52:55,385 [INFO] PluginManage:310 - Check plugin analytics
2024-05-18 01:52:55,532 [INFO] AnalyticsPlugin:253 - Accepted Software Licenses: STM32CubeMX.6.11.1
2024-05-18 01:52:55,532 [INFO] AnalyticsPlugin:255 - Accepted CMSIS Pack Licenses: 
2024-05-18 01:52:55,532 [INFO] AnalyticsPlugin:257 - Accepted Firmware Licenses: FW.G4.1.5.0
2024-05-18 01:52:55,537 [INFO] PluginManage:359 - Loaded plugin analytics (category:tool,tabindex:-1)
2024-05-18 01:52:55,537 [INFO] PluginManage:310 - Check plugin cadmodel
2024-05-18 01:52:55,542 [INFO] CADModel:105 - Init CAD model plugin
2024-05-18 01:52:55,542 [INFO] PluginManage:359 - Loaded plugin cadmodel (category:power,tabindex:5)
2024-05-18 01:52:55,542 [INFO] PluginManage:310 - Check plugin clock
2024-05-18 01:52:55,549 [INFO] PluginManage:359 - Loaded plugin clock (category:base,tabindex:2)
2024-05-18 01:52:55,549 [INFO] PluginManage:310 - Check plugin ddr
2024-05-18 01:52:55,552 [INFO] PluginManage:359 - Loaded plugin ddr (category:tool,tabindex:6)
2024-05-18 01:52:55,552 [INFO] PluginManage:310 - Check plugin filemanager
2024-05-18 01:52:55,645 [INFO] PluginManage:359 - Loaded plugin filemanager (category:base,tabindex:10)
2024-05-18 01:52:55,645 [INFO] PluginManage:310 - Check plugin ipmanager
2024-05-18 01:52:55,651 [INFO] PluginManage:359 - Loaded plugin ipmanager (category:base,tabindex:5)
2024-05-18 01:52:55,651 [INFO] PluginManage:310 - Check plugin lpbam
2024-05-18 01:52:55,658 [INFO] PluginManage:359 - Loaded plugin lpbam (category:base,tabindex:0)
2024-05-18 01:52:55,658 [INFO] PluginManage:310 - Check plugin pinoutandconfiguration
2024-05-18 01:52:55,664 [INFO] PluginManage:359 - Loaded plugin pinoutandconfiguration (category:base,tabindex:1)
2024-05-18 01:52:55,664 [INFO] PluginManage:310 - Check plugin pinoutconfig
2024-05-18 01:52:55,727 [WARN] SupportedApi:132 - Cannot load RTOS API schema: s4s-elt-must-match.1: The content of 'definitions' must match (annotation?, (simpleType | complexType)?, (unique | key | keyref)*)). A problem was found starting at: attribute.
2024-05-18 01:52:55,818 [INFO] PluginManage:359 - Loaded plugin pinoutconfig (category:base,tabindex:0)
2024-05-18 01:52:55,818 [INFO] PluginManage:310 - Check plugin power
2024-05-18 01:52:55,827 [INFO] PluginManage:359 - Loaded plugin power (category:power,tabindex:4)
2024-05-18 01:52:55,827 [INFO] PluginManage:310 - Check plugin projectmanager
2024-05-18 01:52:55,835 [INFO] PluginManage:359 - Loaded plugin projectmanager (category:projectmanager,tabindex:3)
2024-05-18 01:52:55,835 [INFO] PluginManage:310 - Check plugin thirdparty
2024-05-18 01:52:55,906 [INFO] PluginManage:359 - Loaded plugin thirdparty (category:base,tabindex:-1)
2024-05-18 01:52:55,906 [WARN] IntegrityCheckThread:84 - waiting for thirdparty lock release [integrity check]
2024-05-18 01:52:55,906 [INFO] PluginManage:310 - Check plugin tools
2024-05-18 01:52:55,906 [INFO] IntegrityCheckThread:86 - entering critical section [integrity check]
2024-05-18 01:52:55,907 [INFO] ThirdPartyUpdaterWithRetryManager:70 - Updater plugin not ready yet. [1/15]
2024-05-18 01:52:55,907 [INFO] PluginManage:359 - Loaded plugin tools (category:base,tabindex:7)
2024-05-18 01:52:55,908 [INFO] PluginManage:310 - Check plugin tutovideos
2024-05-18 01:52:56,051 [INFO] PluginManage:359 - Loaded plugin tutovideos (category:base,tabindex:-1)
2024-05-18 01:52:56,051 [INFO] PluginManage:310 - Check plugin updater
2024-05-18 01:52:56,061 [INFO] PluginManage:359 - Loaded plugin updater (category:base,tabindex:12)
2024-05-18 01:52:56,062 [INFO] PluginManage:283 - PluginManage : Loaded plugins [15]
2024-05-18 01:52:56,227 [INFO] PinOutPanel:1499 - setPackage(No Configuration,No Configuration)
2024-05-18 01:52:56,271 [INFO] CADModel:165 - CPN selected for project level
2024-05-18 01:52:56,271 [INFO] CADModel:114 - Register for checkConnection events
2024-05-18 01:52:56,285 [INFO] IPUIPlugin:80 - create IPUIPlugin
2024-05-18 01:52:56,285 [INFO] PluginManager:220 - loadIPPluginJar : add adc
2024-05-18 01:52:56,287 [INFO] IPUIPlugin:80 - create IPUIPlugin
2024-05-18 01:52:56,287 [INFO] PluginManager:220 - loadIPPluginJar : add aes
2024-05-18 01:52:56,289 [INFO] IPUIPlugin:80 - create IPUIPlugin
2024-05-18 01:52:56,289 [INFO] PluginManager:220 - loadIPPluginJar : add can
2024-05-18 01:52:56,291 [INFO] IPUIPlugin:80 - create IPUIPlugin
2024-05-18 01:52:56,291 [INFO] PluginManager:220 - loadIPPluginJar : add comp
2024-05-18 01:52:56,293 [INFO] IPUIPlugin:80 - create IPUIPlugin
2024-05-18 01:52:56,293 [INFO] PluginManager:220 - loadIPPluginJar : add cryp
2024-05-18 01:52:56,294 [INFO] IPUIPlugin:80 - create IPUIPlugin
2024-05-18 01:52:56,294 [INFO] PluginManager:220 - loadIPPluginJar : add dfsdm
2024-05-18 01:52:56,299 [INFO] IPUIPlugin:80 - create IPUIPlugin
2024-05-18 01:52:56,299 [INFO] PluginManager:220 - loadIPPluginJar : add dma
2024-05-18 01:52:56,301 [INFO] IPUIPlugin:80 - create IPUIPlugin
2024-05-18 01:52:56,301 [INFO] PluginManager:220 - loadIPPluginJar : add dma3
2024-05-18 01:52:56,303 [INFO] IPUIPlugin:80 - create IPUIPlugin
2024-05-18 01:52:56,303 [INFO] PluginManager:220 - loadIPPluginJar : add fatfs
2024-05-18 01:52:56,306 [INFO] IPUIPlugin:80 - create IPUIPlugin
2024-05-18 01:52:56,306 [INFO] PluginManager:220 - loadIPPluginJar : add fmc
2024-05-18 01:52:56,312 [INFO] IPUIPlugin:80 - create IPUIPlugin
2024-05-18 01:52:56,312 [INFO] PluginManager:220 - loadIPPluginJar : add freertos
2024-05-18 01:52:56,313 [INFO] IPUIPlugin:80 - create IPUIPlugin
2024-05-18 01:52:56,313 [INFO] PluginManager:220 - loadIPPluginJar : add genericplugin
2024-05-18 01:52:56,314 [INFO] IPUIPlugin:80 - create IPUIPlugin
2024-05-18 01:52:56,314 [INFO] PluginManager:220 - loadIPPluginJar : add gfxmmu
2024-05-18 01:52:56,318 [INFO] IPUIPlugin:80 - create IPUIPlugin
2024-05-18 01:52:56,318 [INFO] PluginManager:220 - loadIPPluginJar : add gic
2024-05-18 01:52:56,321 [INFO] IPUIPlugin:80 - create IPUIPlugin
2024-05-18 01:52:56,322 [INFO] PluginManager:220 - loadIPPluginJar : add gpio
2024-05-18 01:52:56,323 [INFO] IPUIPlugin:80 - create IPUIPlugin
2024-05-18 01:52:56,323 [INFO] PluginManager:220 - loadIPPluginJar : add gtzc
2024-05-18 01:52:56,325 [INFO] IPUIPlugin:80 - create IPUIPlugin
2024-05-18 01:52:56,325 [INFO] PluginManager:220 - loadIPPluginJar : add hash
2024-05-18 01:52:56,326 [INFO] IPUIPlugin:80 - create IPUIPlugin
2024-05-18 01:52:56,326 [INFO] PluginManager:220 - loadIPPluginJar : add i2c
2024-05-18 01:52:56,328 [INFO] IPUIPlugin:80 - create IPUIPlugin
2024-05-18 01:52:56,328 [INFO] PluginManager:220 - loadIPPluginJar : add i2s
2024-05-18 01:52:56,329 [INFO] IPUIPlugin:80 - create IPUIPlugin
2024-05-18 01:52:56,329 [INFO] PluginManager:220 - loadIPPluginJar : add i3c
2024-05-18 01:52:56,332 [INFO] IPUIPlugin:80 - create IPUIPlugin
2024-05-18 01:52:56,333 [INFO] PluginManager:220 - loadIPPluginJar : add ipddr
2024-05-18 01:52:56,338 [INFO] IPUIPlugin:80 - create IPUIPlugin
2024-05-18 01:52:56,338 [INFO] PluginManager:220 - loadIPPluginJar : add linkedlist
2024-05-18 01:52:56,339 [INFO] IPUIPlugin:80 - create IPUIPlugin
2024-05-18 01:52:56,339 [INFO] PluginManager:220 - loadIPPluginJar : add lorawan
2024-05-18 01:52:56,341 [INFO] IPUIPlugin:80 - create IPUIPlugin
2024-05-18 01:52:56,341 [INFO] PluginManager:220 - loadIPPluginJar : add ltdc
2024-05-18 01:52:56,345 [INFO] IPUIPlugin:80 - create IPUIPlugin
2024-05-18 01:52:56,345 [INFO] PluginManager:220 - loadIPPluginJar : add mdma
2024-05-18 01:52:56,348 [INFO] IPUIPlugin:80 - create IPUIPlugin
2024-05-18 01:52:56,348 [INFO] PluginManager:220 - loadIPPluginJar : add nvic
2024-05-18 01:52:56,349 [INFO] IPUIPlugin:80 - create IPUIPlugin
2024-05-18 01:52:56,349 [INFO] PluginManager:220 - loadIPPluginJar : add opamp
2024-05-18 01:52:56,353 [INFO] IPUIPlugin:80 - create IPUIPlugin
2024-05-18 01:52:56,353 [INFO] PluginManager:220 - loadIPPluginJar : add openamp
2024-05-18 01:52:56,355 [INFO] IPUIPlugin:80 - create IPUIPlugin
2024-05-18 01:52:56,355 [INFO] PluginManager:220 - loadIPPluginJar : add pdm2pcm
2024-05-18 01:52:56,359 [INFO] IPUIPlugin:80 - create IPUIPlugin
2024-05-18 01:52:56,361 [INFO] PluginManager:220 - loadIPPluginJar : add plateformsettings
2024-05-18 01:52:56,363 [INFO] IPUIPlugin:80 - create IPUIPlugin
2024-05-18 01:52:56,363 [INFO] PluginManager:220 - loadIPPluginJar : add quadspi
2024-05-18 01:52:56,366 [INFO] IPUIPlugin:80 - create IPUIPlugin
2024-05-18 01:52:56,366 [INFO] PluginManager:220 - loadIPPluginJar : add resmgrutility
2024-05-18 01:52:56,369 [INFO] IPUIPlugin:80 - create IPUIPlugin
2024-05-18 01:52:56,369 [INFO] PluginManager:220 - loadIPPluginJar : add sai
2024-05-18 01:52:56,370 [INFO] IPUIPlugin:80 - create IPUIPlugin
2024-05-18 01:52:56,371 [INFO] PluginManager:220 - loadIPPluginJar : add spi
2024-05-18 01:52:56,374 [INFO] IPUIPlugin:80 - create IPUIPlugin
2024-05-18 01:52:56,374 [INFO] PluginManager:220 - loadIPPluginJar : add stm32_wpan
2024-05-18 01:52:56,376 [INFO] IPUIPlugin:80 - create IPUIPlugin
2024-05-18 01:52:56,376 [INFO] PluginManager:220 - loadIPPluginJar : add tim
2024-05-18 01:52:56,378 [INFO] IPUIPlugin:80 - create IPUIPlugin
2024-05-18 01:52:56,378 [INFO] PluginManager:220 - loadIPPluginJar : add touchsensing
2024-05-18 01:52:56,379 [INFO] IPUIPlugin:80 - create IPUIPlugin
2024-05-18 01:52:56,379 [INFO] PluginManager:220 - loadIPPluginJar : add tracer_emb
2024-05-18 01:52:56,380 [INFO] IPUIPlugin:80 - create IPUIPlugin
2024-05-18 01:52:56,380 [INFO] PluginManager:220 - loadIPPluginJar : add ts
2024-05-18 01:52:56,381 [INFO] IPUIPlugin:80 - create IPUIPlugin
2024-05-18 01:52:56,381 [INFO] PluginManager:220 - loadIPPluginJar : add tsc
2024-05-18 01:52:56,382 [INFO] IPUIPlugin:80 - create IPUIPlugin
2024-05-18 01:52:56,382 [INFO] PluginManager:220 - loadIPPluginJar : add ucpd
2024-05-18 01:52:56,384 [INFO] IPUIPlugin:80 - create IPUIPlugin
2024-05-18 01:52:56,384 [INFO] PluginManager:220 - loadIPPluginJar : add usart
2024-05-18 01:52:56,386 [INFO] IPUIPlugin:80 - create IPUIPlugin
2024-05-18 01:52:56,386 [INFO] PluginManager:220 - loadIPPluginJar : add usbx
2024-05-18 01:52:56,489 [INFO] CADModel:165 - CPN selected for project level
2024-05-18 01:52:56,489 [INFO] CADModel:114 - Register for checkConnection events
2024-05-18 01:52:56,489 [FATAL] Updater:308 - Updater called before beeing initialized
2024-05-18 01:52:56,489 [ERROR] CADModel:125 - Updater not yet initialized, retry later 
2024-05-18 01:52:56,601 [INFO] CADModel:165 - CPN selected for project level
2024-05-18 01:52:56,601 [INFO] CADModel:114 - Register for checkConnection events
2024-05-18 01:52:56,601 [FATAL] Updater:308 - Updater called before beeing initialized
2024-05-18 01:52:56,601 [ERROR] CADModel:125 - Updater not yet initialized, retry later 
2024-05-18 01:52:56,612 [FATAL] Updater:308 - Updater called before beeing initialized
2024-05-18 01:52:56,675 [FATAL] Updater:308 - Updater called before beeing initialized
2024-05-18 01:52:56,679 [INFO] DbMcusAds:53 - JSON generation date=Thu May 02 01:37:29 PDT 2024 (1714639049318)
2024-05-18 01:52:56,679 [FATAL] Updater:308 - Updater called before beeing initialized
2024-05-18 01:52:56,709 [WARN] DetailPanel:346 - Failed to get advertising image, set to default
2024-05-18 01:52:56,782 [FATAL] Updater:308 - Updater called before beeing initialized
2024-05-18 01:52:56,784 [FATAL] Updater:308 - Updater called before beeing initialized
2024-05-18 01:52:56,784 [FATAL] Updater:308 - Updater called before beeing initialized
2024-05-18 01:52:56,784 [WARN] DetailPanel:346 - Failed to get advertising image, set to default
2024-05-18 01:52:56,784 [FATAL] Updater:308 - Updater called before beeing initialized
2024-05-18 01:52:56,811 [ERROR] Updater:1120 - MainUpdater not yet initialized. External WinMGr cannot be set.
2024-05-18 01:52:56,812 [INFO] Updater:1056 - Updater Version found : 6.8.1
2024-05-18 01:52:56,826 [INFO] ApplicationProperties:184 - Using Application install path: C:\Program Files (x86)\STM32CubeIDE_1.12.1\STM32CubeIDE\plugins\com.st.stm32cube.common.mx_6.8.1.202304191431
2024-05-18 01:52:56,852 [INFO] MainUpdater:519 - Copy updater definitions from MX database
2024-05-18 01:52:56,860 [INFO] MainUpdater:552 - Copy flag file definitions from MX database
2024-05-18 01:52:56,861 [INFO] MainUpdater:568 - Copy thirdparty index definitions from MX database
2024-05-18 01:52:56,862 [INFO] MainUpdater:587 - Copy default thirdparty db definitions from MX database
2024-05-18 01:52:57,511 [INFO] MainUpdater:2854 - connection check result : 10
2024-05-18 01:52:57,511 [INFO] MainUpdater:3548 - Updater definition file requires update
2024-05-18 01:52:57,512 [INFO] MainUpdater:283 - Updater Check For Update Now.
2024-05-18 01:52:57,512 [INFO] MicroXplorer:498 - Change Database Version : DB.6.0.81
2024-05-18 01:52:57,574 [INFO] ServerAccessManage:473 - Download File updaters.zip
2024-05-18 01:52:57,669 [INFO] FileExtend:240 - Unzip File : updaters.zip
2024-05-18 01:52:57,669 [INFO] FileExtend:255 - Standard Zip Deflate
2024-05-18 01:52:57,815 [INFO] ServerAccessManage:473 - Download File PacksControlFlags.xml
2024-05-18 01:52:57,857 [INFO] ServerAccessManage:473 - Download File cubemx.pidx
2024-05-18 01:52:58,501 [INFO] ServerAccessManage:473 - Download File STMicroelectronics.FP-ATR-ASTRA1.pdsc
2024-05-18 01:52:58,912 [WARN] MainUpdater:1187 - Updater busy. Cannot search thirdparties
2024-05-18 01:52:58,912 [INFO] ThirdPartyUpdaterWithRetryManager:96 - Updater plugin is busy. [1/15]
2024-05-18 01:53:00,542 [INFO] ServerAccessManage:473 - Download File STMicroelectronics.FP-ATR-SIGFOX1.pdsc
2024-05-18 01:53:01,740 [INFO] ServerAccessManage:473 - Download File STMicroelectronics.FP-SNS-FLIGHT1.pdsc
2024-05-18 01:53:01,918 [WARN] MainUpdater:1187 - Updater busy. Cannot search thirdparties
2024-05-18 01:53:01,918 [INFO] ThirdPartyUpdaterWithRetryManager:96 - Updater plugin is busy. [2/15]
2024-05-18 01:53:04,067 [INFO] ServerAccessManage:473 - Download File STMicroelectronics.FP-SNS-MOTENV1.pdsc
2024-05-18 01:53:04,910 [INFO] ServerAccessManage:473 - Download File STMicroelectronics.FP-SNS-MOTENVWB1.pdsc
2024-05-18 01:53:04,928 [WARN] MainUpdater:1187 - Updater busy. Cannot search thirdparties
2024-05-18 01:53:04,928 [INFO] ThirdPartyUpdaterWithRetryManager:96 - Updater plugin is busy. [3/15]
2024-05-18 01:53:05,262 [INFO] ServerAccessManage:473 - Download File STMicroelectronics.FP-SNS-SMARTAG2.pdsc
2024-05-18 01:53:05,519 [INFO] ServerAccessManage:473 - Download File STMicroelectronics.X-CUBE-AI.pdsc
2024-05-18 01:53:06,501 [INFO] ServerAccessManage:473 - Download File STMicroelectronics.X-CUBE-ALS.pdsc
2024-05-18 01:53:07,343 [INFO] ServerAccessManage:473 - Download File STMicroelectronics.X-CUBE-BLE1.pdsc
2024-05-18 01:53:07,936 [WARN] MainUpdater:1187 - Updater busy. Cannot search thirdparties
2024-05-18 01:53:07,936 [INFO] ThirdPartyUpdaterWithRetryManager:96 - Updater plugin is busy. [4/15]
2024-05-18 01:53:09,313 [ERROR] ServerAccessManage:1089 - Problem, file not found on Server
2024-05-18 01:53:09,499 [INFO] ServerAccessManage:473 - Download File STMicroelectronics.X-CUBE-BLE2.pdsc
2024-05-18 01:53:10,942 [WARN] MainUpdater:1187 - Updater busy. Cannot search thirdparties
2024-05-18 01:53:10,942 [INFO] ThirdPartyUpdaterWithRetryManager:96 - Updater plugin is busy. [5/15]
2024-05-18 01:53:13,589 [INFO] ServerAccessManage:473 - Download File STMicroelectronics.X-CUBE-BLEMGR.pdsc
2024-05-18 01:53:13,946 [WARN] MainUpdater:1187 - Updater busy. Cannot search thirdparties
2024-05-18 01:53:13,946 [INFO] ThirdPartyUpdaterWithRetryManager:96 - Updater plugin is busy. [6/15]
2024-05-18 01:53:14,626 [INFO] ServerAccessManage:473 - Download File STMicroelectronics.X-CUBE-DISPLAY.pdsc
2024-05-18 01:53:16,818 [INFO] ServerAccessManage:473 - Download File STMicroelectronics.X-CUBE-EEPRMA1.pdsc
2024-05-18 01:53:16,954 [WARN] MainUpdater:1187 - Updater busy. Cannot search thirdparties
2024-05-18 01:53:16,954 [INFO] ThirdPartyUpdaterWithRetryManager:96 - Updater plugin is busy. [7/15]
2024-05-18 01:53:17,473 [ERROR] ServerAccessManage:1089 - Problem, file not found on Server
2024-05-18 01:53:17,903 [INFO] MainUpdater:2854 - connection check result : 10
2024-05-18 01:53:18,203 [ERROR] ServerAccessManage:1089 - Problem, file not found on Server
2024-05-18 01:53:18,907 [INFO] ServerAccessManage:473 - Download File STMicroelectronics.X-CUBE-FREERTOS.pdsc
2024-05-18 01:53:19,657 [INFO] ServerAccessManage:473 - Download File STMicroelectronics.X-CUBE-GNSS1.pdsc
2024-05-18 01:53:19,968 [WARN] MainUpdater:1187 - Updater busy. Cannot search thirdparties
2024-05-18 01:53:19,968 [INFO] ThirdPartyUpdaterWithRetryManager:96 - Updater plugin is busy. [8/15]
2024-05-18 01:53:22,978 [WARN] MainUpdater:1187 - Updater busy. Cannot search thirdparties
2024-05-18 01:53:22,978 [INFO] ThirdPartyUpdaterWithRetryManager:96 - Updater plugin is busy. [9/15]
2024-05-18 01:53:24,110 [ERROR] ServerAccessManage:1089 - Problem, file not found on Server
2024-05-18 01:53:24,662 [ERROR] ServerAccessManage:1089 - Problem, file not found on Server
2024-05-18 01:53:25,241 [ERROR] ServerAccessManage:1089 - Problem, file not found on Server
2024-05-18 01:53:25,791 [ERROR] ServerAccessManage:1089 - Problem, file not found on Server
2024-05-18 01:53:25,987 [WARN] MainUpdater:1187 - Updater busy. Cannot search thirdparties
2024-05-18 01:53:25,987 [INFO] ThirdPartyUpdaterWithRetryManager:96 - Updater plugin is busy. [10/15]
2024-05-18 01:53:26,034 [ERROR] ServerAccessManage:1089 - Problem, file not found on Server
2024-05-18 01:53:26,605 [ERROR] ServerAccessManage:1089 - Problem, file not found on Server
2024-05-18 01:53:26,641 [INFO] ServerAccessManage:473 - Download File STMicroelectronics.X-CUBE-ISPU.pdsc
2024-05-18 01:53:27,952 [INFO] ServerAccessManage:473 - Download File STMicroelectronics.X-CUBE-MEMS1.pdsc
2024-05-18 01:53:28,999 [WARN] MainUpdater:1187 - Updater busy. Cannot search thirdparties
2024-05-18 01:53:28,999 [INFO] ThirdPartyUpdaterWithRetryManager:96 - Updater plugin is busy. [11/15]
2024-05-18 01:53:31,420 [INFO] ServerAccessManage:473 - Download File STMicroelectronics.X-CUBE-NFC4.pdsc
2024-05-18 01:53:32,006 [WARN] MainUpdater:1187 - Updater busy. Cannot search thirdparties
2024-05-18 01:53:32,006 [INFO] ThirdPartyUpdaterWithRetryManager:96 - Updater plugin is busy. [12/15]
2024-05-18 01:53:35,014 [WARN] MainUpdater:1187 - Updater busy. Cannot search thirdparties
2024-05-18 01:53:35,014 [INFO] ThirdPartyUpdaterWithRetryManager:96 - Updater plugin is busy. [13/15]
2024-05-18 01:53:35,878 [INFO] ServerAccessManage:473 - Download File STMicroelectronics.X-CUBE-NFC6.pdsc
2024-05-18 01:53:36,266 [INFO] ServerAccessManage:473 - Download File STMicroelectronics.X-CUBE-NFC7.pdsc
2024-05-18 01:53:36,931 [INFO] ServerAccessManage:473 - Download File STMicroelectronics.X-CUBE-SFXS2LP1.pdsc
2024-05-18 01:53:38,029 [WARN] MainUpdater:1187 - Updater busy. Cannot search thirdparties
2024-05-18 01:53:38,029 [INFO] ThirdPartyUpdaterWithRetryManager:96 - Updater plugin is busy. [14/15]
2024-05-18 01:53:39,526 [INFO] ServerAccessManage:473 - Download File STMicroelectronics.X-CUBE-SAFEA1.pdsc
2024-05-18 01:53:39,825 [INFO] ServerAccessManage:473 - Download File STMicroelectronics.X-CUBE-SUBG2.pdsc
2024-05-18 01:53:41,038 [WARN] MainUpdater:1187 - Updater busy. Cannot search thirdparties
2024-05-18 01:53:41,039 [INFO] ThirdPartyUpdaterWithRetryManager:96 - Updater plugin is busy. [15/15]
2024-05-18 01:53:41,040 [ERROR] IntegrityCheckThread:130 - Cannot retrieve database content from updater: error -1
2024-05-18 01:53:41,040 [INFO] ThirdParty:978 - Integrity check success = false
2024-05-18 01:53:41,040 [INFO] IntegrityCheckThread:100 - exiting critical section [integrity check]
2024-05-18 01:53:41,040 [INFO] IntegrityCheckThread:103 - End integrity checks thread
2024-05-18 01:53:43,162 [INFO] ServerAccessManage:473 - Download File STMicroelectronics.X-CUBE-SMBUS.pdsc
2024-05-18 01:53:44,378 [ERROR] ServerAccessManage:1089 - Problem, file not found on Server
2024-05-18 01:53:44,421 [INFO] ServerAccessManage:473 - Download File STMicroelectronics.X-CUBE-TCPP.pdsc
2024-05-18 01:53:44,699 [INFO] ServerAccessManage:473 - Download File STMicroelectronics.X-CUBE-TOF1.pdsc
2024-05-18 01:53:46,782 [ERROR] ServerAccessManage:1089 - Problem, file not found on Server
2024-05-18 01:53:47,337 [INFO] MainUpdater:2854 - connection check result : 10
2024-05-18 01:53:47,409 [INFO] ServerAccessManage:473 - Download File STMicroelectronics.X-CUBE-TOUCHGFX.pdsc
2024-05-18 01:53:56,978 [INFO] ServerAccessManage:473 - Download File STMicroelectronics.X-CUBE-ALGOBUILD.pdsc
2024-05-18 01:53:59,619 [INFO] ServerAccessManage:473 - Download File STMicroelectronics.X-CUBE-AZRTOS-H7.pdsc
2024-05-18 01:54:00,056 [INFO] ServerAccessManage:473 - Download File STMicroelectronics.X-CUBE-AZRTOS-H7RS.pdsc
2024-05-18 01:54:00,876 [INFO] ServerAccessManage:473 - Download File STMicroelectronics.X-CUBE-AZRTOS-F4.pdsc
2024-05-18 01:54:02,215 [INFO] ServerAccessManage:473 - Download File STMicroelectronics.X-CUBE-AZRTOS-F7.pdsc
2024-05-18 01:54:03,213 [INFO] ServerAccessManage:473 - Download File STMicroelectronics.X-CUBE-AZRTOS-L4.pdsc
2024-05-18 01:54:04,509 [INFO] ServerAccessManage:473 - Download File STMicroelectronics.X-CUBE-AZRTOS-L5.pdsc
2024-05-18 01:54:06,473 [INFO] ServerAccessManage:473 - Download File STMicroelectronics.X-CUBE-AZRTOS-G0.pdsc
2024-05-18 01:54:14,183 [INFO] Activator:176 - 


2024-05-18 01:54:14,185 [INFO] Activator:177 - !SESSION log4j initialized
2024-05-18 01:54:16,907 [INFO] LogOutputStream:77 - [STDOUT_REDIRECT] 
2024-05-18 01:54:34,188 [INFO] ApplicationProperties:184 - Using Application install path: C:\Program Files (x86)\STM32CubeIDE_1.12.1\STM32CubeIDE\plugins\com.st.stm32cube.common.mx_6.8.1.202304191431
2024-05-18 01:54:34,199 [INFO] DbMcusXml:78 - Set database path to: C:\Program Files (x86)\STM32CubeIDE_1.12.1\STM32CubeIDE\plugins\com.st.stm32cube.common.mx_6.8.1.202304191431\\db\/mcu/
2024-05-18 01:54:34,199 [INFO] ApiDb:274 - Set plugin database path to: C:\Program Files (x86)\STM32CubeIDE_1.12.1\STM32CubeIDE\plugins\com.st.stm32cube.common.mx_6.8.1.202304191431\\db\/plugins/boardmanager/
2024-05-18 01:54:34,201 [WARN] ApiDb:259 - Overriding images path with different value:  => C:\Program Files (x86)\STM32CubeIDE_1.12.1\STM32CubeIDE\plugins\com.st.stm32cube.common.mx_6.8.1.202304191431\\db\/plugins/mcufinder/images/
2024-05-18 01:54:34,207 [INFO] ApiDb:250 - Set database path to: C:\Users\Shivam\.stmcufinder\plugins\mcufinder//mcu/
2024-05-18 01:54:34,208 [INFO] DbMcusAds:125 - Set database path to: C:\Users\Shivam\.stmcufinder\plugins\mcufinder//mcu/
2024-05-18 01:54:34,264 [INFO] CrossReferenceDbSqlite:203 - Set database path to: C:\Users\Shivam\.stmcufinder\plugins\mcufinder//mcu/cs/
2024-05-18 01:54:34,318 [INFO] RulesReader:64 - Compatibility file has been processed (293 Rules)
2024-05-18 01:54:34,367 [INFO] DbMcusXml:78 - Set database path to: C:\Program Files (x86)\STM32CubeIDE_1.12.1\STM32CubeIDE\plugins\com.st.stm32cube.common.mx_6.8.1.202304191431\\db\/mcu/
2024-05-18 01:54:34,367 [INFO] ApiDb:274 - Set plugin database path to: C:\Program Files (x86)\STM32CubeIDE_1.12.1\STM32CubeIDE\plugins\com.st.stm32cube.common.mx_6.8.1.202304191431\\db\/plugins/boardmanager/
2024-05-18 01:54:34,367 [INFO] ApiDb:261 - Set plugin images path to: C:\Program Files (x86)\STM32CubeIDE_1.12.1\STM32CubeIDE\plugins\com.st.stm32cube.common.mx_6.8.1.202304191431\\db\/plugins/mcufinder/images/
2024-05-18 01:54:34,367 [WARN] DbFile:41 - Overriding database path with different value: C:\Users\Shivam\.stmcufinder\plugins\mcufinder/ => C:\Users\Shivam\.stmcufinder\plugins\mcufinder
2024-05-18 01:54:34,367 [INFO] ApiDb:250 - Set database path to: C:\Users\Shivam\.stmcufinder\plugins\mcufinder//mcu/
2024-05-18 01:54:34,367 [WARN] DbFile:41 - Overriding database path with different value: C:\Users\Shivam\.stmcufinder\plugins\mcufinder/ => C:\Users\Shivam\.stmcufinder\plugins\mcufinder
2024-05-18 01:54:34,367 [INFO] DbMcusAds:125 - Set database path to: C:\Users\Shivam\.stmcufinder\plugins\mcufinder//mcu/
2024-05-18 01:54:34,367 [WARN] DbFile:41 - Overriding database path with different value: C:\Users\Shivam\.stmcufinder\plugins\mcufinder/ => C:\Users\Shivam\.stmcufinder\plugins\mcufinder
2024-05-18 01:54:34,367 [WARN] DbFile:41 - Overriding database path with different value: C:\Users\Shivam\.stmcufinder\plugins\mcufinder/ => C:\Users\Shivam\.stmcufinder\plugins\mcufinder
2024-05-18 01:54:34,367 [INFO] CrossReferenceDbSqlite:203 - Set database path to: C:\Users\Shivam\.stmcufinder\plugins\mcufinder//mcu/cs/
2024-05-18 01:54:34,409 [INFO] MainPanel:253 - HeapMemory: 268435456
2024-05-18 01:54:34,457 [INFO] DbMcusXml:78 - Set database path to: C:\Program Files (x86)\STM32CubeIDE_1.12.1\STM32CubeIDE\plugins\com.st.stm32cube.common.mx_6.8.1.202304191431\\db\/mcu/
2024-05-18 01:54:34,457 [INFO] ApiDb:274 - Set plugin database path to: C:\Program Files (x86)\STM32CubeIDE_1.12.1\STM32CubeIDE\plugins\com.st.stm32cube.common.mx_6.8.1.202304191431\\db\/plugins/boardmanager/
2024-05-18 01:54:34,457 [INFO] ApiDb:261 - Set plugin images path to: C:\Program Files (x86)\STM32CubeIDE_1.12.1\STM32CubeIDE\plugins\com.st.stm32cube.common.mx_6.8.1.202304191431\\db\/plugins/mcufinder/images/
2024-05-18 01:54:34,457 [WARN] DbFile:41 - Overriding database path with different value: C:\Users\Shivam\.stmcufinder\plugins\mcufinder/ => C:\Users\Shivam\.stmcufinder\plugins\mcufinder
2024-05-18 01:54:34,457 [INFO] ApiDb:250 - Set database path to: C:\Users\Shivam\.stmcufinder\plugins\mcufinder//mcu/
2024-05-18 01:54:34,457 [WARN] DbFile:41 - Overriding database path with different value: C:\Users\Shivam\.stmcufinder\plugins\mcufinder/ => C:\Users\Shivam\.stmcufinder\plugins\mcufinder
2024-05-18 01:54:34,457 [INFO] DbMcusAds:125 - Set database path to: C:\Users\Shivam\.stmcufinder\plugins\mcufinder//mcu/
2024-05-18 01:54:34,457 [WARN] DbFile:41 - Overriding database path with different value: C:\Users\Shivam\.stmcufinder\plugins\mcufinder/ => C:\Users\Shivam\.stmcufinder\plugins\mcufinder
2024-05-18 01:54:34,458 [WARN] DbFile:41 - Overriding database path with different value: C:\Users\Shivam\.stmcufinder\plugins\mcufinder/ => C:\Users\Shivam\.stmcufinder\plugins\mcufinder
2024-05-18 01:54:34,458 [INFO] CrossReferenceDbSqlite:203 - Set database path to: C:\Users\Shivam\.stmcufinder\plugins\mcufinder//mcu/cs/
2024-05-18 01:54:34,467 [INFO] ApplicationProperties:184 - Using Application install path: C:\Program Files (x86)\STM32CubeIDE_1.12.1\STM32CubeIDE\plugins\com.st.stm32cube.common.mx_6.8.1.202304191431
2024-05-18 01:54:34,468 [INFO] PluginManage:196 - Search for loadable plugins [exclusion list=, ]
2024-05-18 01:54:34,469 [INFO] PluginManage:310 - Check plugin analytics
2024-05-18 01:54:34,560 [INFO] AnalyticsPlugin:253 - Accepted Software Licenses: STM32CubeMX.6.11.1
2024-05-18 01:54:34,561 [INFO] AnalyticsPlugin:255 - Accepted CMSIS Pack Licenses: 
2024-05-18 01:54:34,561 [INFO] AnalyticsPlugin:257 - Accepted Firmware Licenses: FW.G4.1.5.0
2024-05-18 01:54:34,566 [INFO] PluginManage:359 - Loaded plugin analytics (category:tool,tabindex:-1)
2024-05-18 01:54:34,566 [INFO] PluginManage:310 - Check plugin cadmodel
2024-05-18 01:54:34,569 [INFO] CADModel:105 - Init CAD model plugin
2024-05-18 01:54:34,569 [INFO] PluginManage:359 - Loaded plugin cadmodel (category:power,tabindex:5)
2024-05-18 01:54:34,569 [INFO] PluginManage:310 - Check plugin clock
2024-05-18 01:54:34,574 [INFO] PluginManage:359 - Loaded plugin clock (category:base,tabindex:2)
2024-05-18 01:54:34,575 [INFO] PluginManage:310 - Check plugin ddr
2024-05-18 01:54:34,576 [INFO] PluginManage:359 - Loaded plugin ddr (category:tool,tabindex:6)
2024-05-18 01:54:34,576 [INFO] PluginManage:310 - Check plugin filemanager
2024-05-18 01:54:34,651 [INFO] PluginManage:359 - Loaded plugin filemanager (category:base,tabindex:10)
2024-05-18 01:54:34,651 [INFO] PluginManage:310 - Check plugin ipmanager
2024-05-18 01:54:34,655 [INFO] PluginManage:359 - Loaded plugin ipmanager (category:base,tabindex:5)
2024-05-18 01:54:34,655 [INFO] PluginManage:310 - Check plugin lpbam
2024-05-18 01:54:34,661 [INFO] PluginManage:359 - Loaded plugin lpbam (category:base,tabindex:0)
2024-05-18 01:54:34,661 [INFO] PluginManage:310 - Check plugin pinoutandconfiguration
2024-05-18 01:54:34,665 [INFO] PluginManage:359 - Loaded plugin pinoutandconfiguration (category:base,tabindex:1)
2024-05-18 01:54:34,665 [INFO] PluginManage:310 - Check plugin pinoutconfig
2024-05-18 01:54:34,701 [WARN] SupportedApi:132 - Cannot load RTOS API schema: s4s-elt-must-match.1: The content of 'definitions' must match (annotation?, (simpleType | complexType)?, (unique | key | keyref)*)). A problem was found starting at: attribute.
2024-05-18 01:54:34,772 [INFO] PluginManage:359 - Loaded plugin pinoutconfig (category:base,tabindex:0)
2024-05-18 01:54:34,773 [INFO] PluginManage:310 - Check plugin power
2024-05-18 01:54:34,778 [INFO] PluginManage:359 - Loaded plugin power (category:power,tabindex:4)
2024-05-18 01:54:34,779 [INFO] PluginManage:310 - Check plugin projectmanager
2024-05-18 01:54:34,788 [INFO] PluginManage:359 - Loaded plugin projectmanager (category:projectmanager,tabindex:3)
2024-05-18 01:54:34,788 [INFO] PluginManage:310 - Check plugin thirdparty
2024-05-18 01:54:34,846 [INFO] PluginManage:359 - Loaded plugin thirdparty (category:base,tabindex:-1)
2024-05-18 01:54:34,846 [WARN] IntegrityCheckThread:84 - waiting for thirdparty lock release [integrity check]
2024-05-18 01:54:34,847 [INFO] PluginManage:310 - Check plugin tools
2024-05-18 01:54:34,847 [INFO] IntegrityCheckThread:86 - entering critical section [integrity check]
2024-05-18 01:54:34,848 [INFO] ThirdPartyUpdaterWithRetryManager:70 - Updater plugin not ready yet. [1/15]
2024-05-18 01:54:34,849 [INFO] PluginManage:359 - Loaded plugin tools (category:base,tabindex:7)
2024-05-18 01:54:34,849 [INFO] PluginManage:310 - Check plugin tutovideos
2024-05-18 01:54:34,952 [INFO] PluginManage:359 - Loaded plugin tutovideos (category:base,tabindex:-1)
2024-05-18 01:54:34,952 [INFO] PluginManage:310 - Check plugin updater
2024-05-18 01:54:34,962 [INFO] PluginManage:359 - Loaded plugin updater (category:base,tabindex:12)
2024-05-18 01:54:34,962 [INFO] PluginManage:283 - PluginManage : Loaded plugins [15]
2024-05-18 01:54:35,098 [INFO] PinOutPanel:1499 - setPackage(No Configuration,No Configuration)
2024-05-18 01:54:35,138 [INFO] CADModel:165 - CPN selected for project level
2024-05-18 01:54:35,138 [INFO] CADModel:114 - Register for checkConnection events
2024-05-18 01:54:35,148 [INFO] IPUIPlugin:80 - create IPUIPlugin
2024-05-18 01:54:35,149 [INFO] PluginManager:220 - loadIPPluginJar : add adc
2024-05-18 01:54:35,149 [INFO] IPUIPlugin:80 - create IPUIPlugin
2024-05-18 01:54:35,149 [INFO] PluginManager:220 - loadIPPluginJar : add aes
2024-05-18 01:54:35,152 [INFO] IPUIPlugin:80 - create IPUIPlugin
2024-05-18 01:54:35,152 [INFO] PluginManager:220 - loadIPPluginJar : add can
2024-05-18 01:54:35,153 [INFO] IPUIPlugin:80 - create IPUIPlugin
2024-05-18 01:54:35,153 [INFO] PluginManager:220 - loadIPPluginJar : add comp
2024-05-18 01:54:35,153 [INFO] IPUIPlugin:80 - create IPUIPlugin
2024-05-18 01:54:35,153 [INFO] PluginManager:220 - loadIPPluginJar : add cryp
2024-05-18 01:54:35,154 [INFO] IPUIPlugin:80 - create IPUIPlugin
2024-05-18 01:54:35,154 [INFO] PluginManager:220 - loadIPPluginJar : add dfsdm
2024-05-18 01:54:35,158 [INFO] IPUIPlugin:80 - create IPUIPlugin
2024-05-18 01:54:35,158 [INFO] PluginManager:220 - loadIPPluginJar : add dma
2024-05-18 01:54:35,159 [INFO] IPUIPlugin:80 - create IPUIPlugin
2024-05-18 01:54:35,159 [INFO] PluginManager:220 - loadIPPluginJar : add dma3
2024-05-18 01:54:35,161 [INFO] IPUIPlugin:80 - create IPUIPlugin
2024-05-18 01:54:35,161 [INFO] PluginManager:220 - loadIPPluginJar : add fatfs
2024-05-18 01:54:35,163 [INFO] IPUIPlugin:80 - create IPUIPlugin
2024-05-18 01:54:35,163 [INFO] PluginManager:220 - loadIPPluginJar : add fmc
2024-05-18 01:54:35,167 [INFO] IPUIPlugin:80 - create IPUIPlugin
2024-05-18 01:54:35,167 [INFO] PluginManager:220 - loadIPPluginJar : add freertos
2024-05-18 01:54:35,168 [INFO] IPUIPlugin:80 - create IPUIPlugin
2024-05-18 01:54:35,168 [INFO] PluginManager:220 - loadIPPluginJar : add genericplugin
2024-05-18 01:54:35,169 [INFO] IPUIPlugin:80 - create IPUIPlugin
2024-05-18 01:54:35,169 [INFO] PluginManager:220 - loadIPPluginJar : add gfxmmu
2024-05-18 01:54:35,172 [INFO] IPUIPlugin:80 - create IPUIPlugin
2024-05-18 01:54:35,172 [INFO] PluginManager:220 - loadIPPluginJar : add gic
2024-05-18 01:54:35,174 [INFO] IPUIPlugin:80 - create IPUIPlugin
2024-05-18 01:54:35,174 [INFO] PluginManager:220 - loadIPPluginJar : add gpio
2024-05-18 01:54:35,175 [INFO] IPUIPlugin:80 - create IPUIPlugin
2024-05-18 01:54:35,176 [INFO] PluginManager:220 - loadIPPluginJar : add gtzc
2024-05-18 01:54:35,177 [INFO] IPUIPlugin:80 - create IPUIPlugin
2024-05-18 01:54:35,177 [INFO] PluginManager:220 - loadIPPluginJar : add hash
2024-05-18 01:54:35,179 [INFO] IPUIPlugin:80 - create IPUIPlugin
2024-05-18 01:54:35,179 [INFO] PluginManager:220 - loadIPPluginJar : add i2c
2024-05-18 01:54:35,180 [INFO] IPUIPlugin:80 - create IPUIPlugin
2024-05-18 01:54:35,180 [INFO] PluginManager:220 - loadIPPluginJar : add i2s
2024-05-18 01:54:35,183 [INFO] IPUIPlugin:80 - create IPUIPlugin
2024-05-18 01:54:35,183 [INFO] PluginManager:220 - loadIPPluginJar : add i3c
2024-05-18 01:54:35,185 [INFO] IPUIPlugin:80 - create IPUIPlugin
2024-05-18 01:54:35,185 [INFO] PluginManager:220 - loadIPPluginJar : add ipddr
2024-05-18 01:54:35,189 [INFO] IPUIPlugin:80 - create IPUIPlugin
2024-05-18 01:54:35,190 [INFO] PluginManager:220 - loadIPPluginJar : add linkedlist
2024-05-18 01:54:35,190 [INFO] IPUIPlugin:80 - create IPUIPlugin
2024-05-18 01:54:35,190 [INFO] PluginManager:220 - loadIPPluginJar : add lorawan
2024-05-18 01:54:35,192 [INFO] IPUIPlugin:80 - create IPUIPlugin
2024-05-18 01:54:35,192 [INFO] PluginManager:220 - loadIPPluginJar : add ltdc
2024-05-18 01:54:35,195 [INFO] IPUIPlugin:80 - create IPUIPlugin
2024-05-18 01:54:35,195 [INFO] PluginManager:220 - loadIPPluginJar : add mdma
2024-05-18 01:54:35,198 [INFO] IPUIPlugin:80 - create IPUIPlugin
2024-05-18 01:54:35,198 [INFO] PluginManager:220 - loadIPPluginJar : add nvic
2024-05-18 01:54:35,200 [INFO] IPUIPlugin:80 - create IPUIPlugin
2024-05-18 01:54:35,200 [INFO] PluginManager:220 - loadIPPluginJar : add opamp
2024-05-18 01:54:35,202 [INFO] IPUIPlugin:80 - create IPUIPlugin
2024-05-18 01:54:35,202 [INFO] PluginManager:220 - loadIPPluginJar : add openamp
2024-05-18 01:54:35,204 [INFO] IPUIPlugin:80 - create IPUIPlugin
2024-05-18 01:54:35,204 [INFO] PluginManager:220 - loadIPPluginJar : add pdm2pcm
2024-05-18 01:54:35,208 [INFO] IPUIPlugin:80 - create IPUIPlugin
2024-05-18 01:54:35,210 [INFO] PluginManager:220 - loadIPPluginJar : add plateformsettings
2024-05-18 01:54:35,212 [INFO] IPUIPlugin:80 - create IPUIPlugin
2024-05-18 01:54:35,212 [INFO] PluginManager:220 - loadIPPluginJar : add quadspi
2024-05-18 01:54:35,213 [INFO] IPUIPlugin:80 - create IPUIPlugin
2024-05-18 01:54:35,214 [INFO] PluginManager:220 - loadIPPluginJar : add resmgrutility
2024-05-18 01:54:35,215 [INFO] IPUIPlugin:80 - create IPUIPlugin
2024-05-18 01:54:35,215 [INFO] PluginManager:220 - loadIPPluginJar : add sai
2024-05-18 01:54:35,217 [INFO] IPUIPlugin:80 - create IPUIPlugin
2024-05-18 01:54:35,217 [INFO] PluginManager:220 - loadIPPluginJar : add spi
2024-05-18 01:54:35,219 [INFO] IPUIPlugin:80 - create IPUIPlugin
2024-05-18 01:54:35,219 [INFO] PluginManager:220 - loadIPPluginJar : add stm32_wpan
2024-05-18 01:54:35,221 [INFO] IPUIPlugin:80 - create IPUIPlugin
2024-05-18 01:54:35,221 [INFO] PluginManager:220 - loadIPPluginJar : add tim
2024-05-18 01:54:35,222 [INFO] IPUIPlugin:80 - create IPUIPlugin
2024-05-18 01:54:35,222 [INFO] PluginManager:220 - loadIPPluginJar : add touchsensing
2024-05-18 01:54:35,223 [INFO] IPUIPlugin:80 - create IPUIPlugin
2024-05-18 01:54:35,223 [INFO] PluginManager:220 - loadIPPluginJar : add tracer_emb
2024-05-18 01:54:35,224 [INFO] IPUIPlugin:80 - create IPUIPlugin
2024-05-18 01:54:35,224 [INFO] PluginManager:220 - loadIPPluginJar : add ts
2024-05-18 01:54:35,225 [INFO] IPUIPlugin:80 - create IPUIPlugin
2024-05-18 01:54:35,225 [INFO] PluginManager:220 - loadIPPluginJar : add tsc
2024-05-18 01:54:35,226 [INFO] IPUIPlugin:80 - create IPUIPlugin
2024-05-18 01:54:35,226 [INFO] PluginManager:220 - loadIPPluginJar : add ucpd
2024-05-18 01:54:35,227 [INFO] IPUIPlugin:80 - create IPUIPlugin
2024-05-18 01:54:35,227 [INFO] PluginManager:220 - loadIPPluginJar : add usart
2024-05-18 01:54:35,229 [INFO] IPUIPlugin:80 - create IPUIPlugin
2024-05-18 01:54:35,229 [INFO] PluginManager:220 - loadIPPluginJar : add usbx
2024-05-18 01:54:35,330 [INFO] CADModel:165 - CPN selected for project level
2024-05-18 01:54:35,330 [INFO] CADModel:114 - Register for checkConnection events
2024-05-18 01:54:35,330 [FATAL] Updater:308 - Updater called before beeing initialized
2024-05-18 01:54:35,330 [ERROR] CADModel:125 - Updater not yet initialized, retry later 
2024-05-18 01:54:35,410 [INFO] CADModel:165 - CPN selected for project level
2024-05-18 01:54:35,410 [INFO] CADModel:114 - Register for checkConnection events
2024-05-18 01:54:35,411 [FATAL] Updater:308 - Updater called before beeing initialized
2024-05-18 01:54:35,411 [ERROR] CADModel:125 - Updater not yet initialized, retry later 
2024-05-18 01:54:35,413 [FATAL] Updater:308 - Updater called before beeing initialized
2024-05-18 01:54:35,476 [FATAL] Updater:308 - Updater called before beeing initialized
2024-05-18 01:54:35,481 [INFO] DbMcusAds:53 - JSON generation date=Thu May 02 01:37:29 PDT 2024 (1714639049318)
2024-05-18 01:54:35,481 [FATAL] Updater:308 - Updater called before beeing initialized
2024-05-18 01:54:35,498 [WARN] DetailPanel:346 - Failed to get advertising image, set to default
2024-05-18 01:54:35,556 [FATAL] Updater:308 - Updater called before beeing initialized
2024-05-18 01:54:35,558 [FATAL] Updater:308 - Updater called before beeing initialized
2024-05-18 01:54:35,558 [FATAL] Updater:308 - Updater called before beeing initialized
2024-05-18 01:54:35,558 [WARN] DetailPanel:346 - Failed to get advertising image, set to default
2024-05-18 01:54:35,558 [FATAL] Updater:308 - Updater called before beeing initialized
2024-05-18 01:54:35,583 [ERROR] Updater:1120 - MainUpdater not yet initialized. External WinMGr cannot be set.
2024-05-18 01:54:35,584 [INFO] Updater:1056 - Updater Version found : 6.8.1
2024-05-18 01:54:35,596 [INFO] ApplicationProperties:184 - Using Application install path: C:\Program Files (x86)\STM32CubeIDE_1.12.1\STM32CubeIDE\plugins\com.st.stm32cube.common.mx_6.8.1.202304191431
2024-05-18 01:54:35,695 [INFO] MainUpdater:2854 - connection check result : 10
2024-05-18 01:54:35,695 [INFO] MainUpdater:3548 - Updater definition file requires update
2024-05-18 01:54:35,696 [INFO] MainUpdater:283 - Updater Check For Update Now.
2024-05-18 01:54:35,696 [INFO] MicroXplorer:498 - Change Database Version : DB.6.0.81
2024-05-18 01:54:35,719 [INFO] ServerAccessManage:473 - Download File updaters.zip
2024-05-18 01:54:35,773 [INFO] FileExtend:240 - Unzip File : updaters.zip
2024-05-18 01:54:35,773 [INFO] FileExtend:255 - Standard Zip Deflate
2024-05-18 01:54:35,906 [INFO] ServerAccessManage:473 - Download File PacksControlFlags.xml
2024-05-18 01:54:35,936 [INFO] ServerAccessManage:473 - Download File cubemx.pidx
2024-05-18 01:54:35,979 [INFO] LoadServerUpdatesThread:373 - End of LoadServerUpdate Thread
2024-05-18 01:54:35,991 [WARN] CheckServerUpdateThread:151 - Open CheckUpdateFile Fail
2024-05-18 01:54:36,111 [INFO] CheckServerUpdateThread:120 - End of CheckServer Thread
2024-05-18 01:54:36,312 [INFO] MainUpdater:2854 - connection check result : 10
2024-05-18 01:54:36,313 [INFO] McuFinderGlobals:66 - Set McuFinderConnectedMode to true
2024-05-18 01:54:36,536 [INFO] ServerAccessManage:473 - Download File mcusAds.json._tmp_
2024-05-18 01:54:36,639 [INFO] LoadUrlFilesThread:156 - End of LoadUrlFiles Thread
2024-05-18 01:54:36,775 [INFO] ServerAccessManage:473 - Download File cube-finder-db.zip
2024-05-18 01:54:37,848 [WARN] MainUpdater:1187 - Updater busy. Cannot search thirdparties
2024-05-18 01:54:37,848 [INFO] ThirdPartyUpdaterWithRetryManager:96 - Updater plugin is busy. [1/15]
2024-05-18 01:54:38,126 [ERROR] LogOutputStream:75 - [STDERR_REDIRECT] SLF4J: Failed to load class "org.slf4j.impl.StaticLoggerBinder".
2024-05-18 01:54:38,126 [ERROR] LogOutputStream:75 - [STDERR_REDIRECT] SLF4J: Defaulting to no-operation (NOP) logger implementation
2024-05-18 01:54:38,127 [ERROR] LogOutputStream:75 - [STDERR_REDIRECT] SLF4J: See http://www.slf4j.org/codes.html#StaticLoggerBinder for further details.
2024-05-18 01:54:38,329 [INFO] FileExtend:240 - Unzip File : cube-finder-db.zip
2024-05-18 01:54:38,329 [INFO] FileExtend:255 - Standard Zip Deflate
2024-05-18 01:54:38,838 [INFO] LoadUrlFilesThread:156 - End of LoadUrlFiles Thread
2024-05-18 01:54:39,780 [INFO] ServerAccessManage:473 - Download File crdb.zip
2024-05-18 01:54:40,702 [INFO] FileExtend:240 - Unzip File : crdb.zip
2024-05-18 01:54:40,702 [INFO] FileExtend:255 - Standard Zip Deflate
2024-05-18 01:54:40,828 [INFO] LoadUrlFilesThread:156 - End of LoadUrlFiles Thread
2024-05-18 01:54:40,857 [WARN] MainUpdater:1187 - Updater busy. Cannot search thirdparties
2024-05-18 01:54:40,857 [INFO] ThirdPartyUpdaterWithRetryManager:96 - Updater plugin is busy. [2/15]
2024-05-18 01:54:42,164 [INFO] ServerAccessManage:473 - Download File tutoVideoDB.zip
2024-05-18 01:54:42,189 [INFO] FileExtend:240 - Unzip File : tutoVideoDB.zip
2024-05-18 01:54:42,189 [INFO] FileExtend:255 - Standard Zip Deflate
2024-05-18 01:54:42,304 [INFO] LoadUrlFilesThread:156 - End of LoadUrlFiles Thread
2024-05-18 01:54:42,308 [WARN] DbFile:41 - Overriding database path with different value: C:\Users\Shivam\.stmcufinder\plugins\mcufinder/ => C:\Users\Shivam\.stmcufinder\plugins\mcufinder
2024-05-18 01:54:42,435 [INFO] ServerAccessManage:473 - Download File api_config.json
2024-05-18 01:54:42,553 [INFO] LoadUrlFilesThread:156 - End of LoadUrlFiles Thread
2024-05-18 01:54:42,553 [INFO] DbMcusAds:53 - JSON generation date=Thu May 16 02:22:01 PDT 2024 (1715851321109)
2024-05-18 01:54:42,662 [INFO] ServerAccessManage:473 - Download File 
2024-05-18 01:54:42,685 [INFO] LoadUrlFilesThread:185 - End of LoadServerUrlFiles without Thread
2024-05-18 01:54:42,685 [INFO] TargetSelectorAdapter:259 - Refresh data is successful
2024-05-18 01:54:42,731 [INFO] ApiDb:581 - Connected to CubeFinder SQLite database (C:\Users\Shivam\.stmcufinder\plugins\mcufinder\mcu\cube-finder-db.db)
2024-05-18 01:54:42,762 [INFO] ApiDb:668 - CubeFinder database Data Model version=2.1
2024-05-18 01:54:42,762 [INFO] ApiDb:669 - CubeFinder database Configuration version=3.0.39
2024-05-18 01:54:42,762 [INFO] ApiDb:670 - CubeFinder database generation date=2024-04-15 (1713193726)
2024-05-18 01:54:42,762 [INFO] ApiDb:671 - CubeFinder database FW Pack versions=[FP-ATR-ASTRA1_V2.0.0, FP-SNS-FLIGHT1_V5.0.1, FP-SNS-FLIGHT1_V5.0.2, FP-SNS-MOTENV1_V4.3.1, FP-SNS-MOTENV1_V4.3.2, FP-SNS-MOTENVWB1_V1.3.1, FP-SNS-SMARTAG2_V1.2.0, STM32Cube_FW_C0_V1.1.0, STM32Cube_FW_F4_V1.28.0, STM32Cube_FW_F7_V1.17.0, STM32Cube_FW_G0_V1.6.2, STM32Cube_FW_G4_V1.5.2, STM32Cube_FW_H5_V0.5.1, STM32Cube_FW_H5_V1.1.1, STM32Cube_FW_H5_V1.2.0, STM32Cube_FW_H5_V1.2.0RC4, STM32Cube_FW_H7RS_V1.0.0, STM32Cube_FW_H7RS_V1.0.0RC4, STM32Cube_FW_H7_V1.11.0, STM32Cube_FW_L0_V1.12.2, STM32Cube_FW_L5_V1.5.1, STM32Cube_FW_U0_V1.0.0, STM32Cube_FW_U0_V1.0.0RC1, STM32Cube_FW_U5_V1.3.0RC4, STM32Cube_FW_U5_V1.5.0, STM32Cube_FW_U5_V1.5.0RC1, STM32Cube_FW_WBA_V1.0.0RC1, STM32Cube_FW_WBA_V1.2.0, STM32Cube_FW_WBA_V1.2.0RC2, STM32Cube_FW_WBA_V1.3.0, STM32Cube_FW_WBA_V1.3.0RC1, STM32Cube_FW_WB_V1.15.0RC1, STM32Cube_FW_WB_V1.16.0, STM32Cube_FW_WB_V1.16.0RC2, STM32Cube_FW_WB_V1.18.0, STM32Cube_FW_WB_V1.19.0, STM32Cube_FW_WL_V1.3.0, X-CUBE-ALGOBUILD_V1.3.0, X-CUBE-ALS_V1.0.1, X-CUBE-AZRTOS-F4_V1.1.0, X-CUBE-AZRTOS-F7_V1.1.0, X-CUBE-AZRTOS-G0_V1.1.0, X-CUBE-AZRTOS-G4_V2.0.0, X-CUBE-AZRTOS-H7_V3.2.0, X-CUBE-AZRTOS-L4_V1.0.0, X-CUBE-AZRTOS-L4_V2.0.0, X-CUBE-AZRTOS-L5_V1.1.0, X-CUBE-AZRTOS-WB_V2.0.0, X-CUBE-AZRTOS-WL_V2.0.0, X-CUBE-BLE1_V7.0.0, X-CUBE-BLE2_V3.3.0, X-CUBE-BLEMGR_V3.1.0, X-CUBE-EEPRMA1_V4.1.0, X-CUBE-EEPRMA1_V5.1.0, X-CUBE-FREERTOS_V1.1.0, X-CUBE-GNSS1_V6.0.0, X-CUBE-MEMS1_V10.0.0, X-CUBE-MEMS1_V9.1.0, X-CUBE-MEMS1_V9.4.0, X-CUBE-MEMS1_V9.6.0, X-CUBE-NFC4_V3.0.0, X-CUBE-NFC7_V1.0.1, X-CUBE-SFXS2LP1_V4.0.0, X-CUBE-SUBG2_V5.0.0, X-CUBE-TOF1_V3.4.0]
2024-05-18 01:54:43,909 [WARN] PackLoader:240 - Cannot read IP mode file for STMicroelectronics.X-CUBE-GNSS1.6.0.0
2024-05-18 01:54:43,924 [WARN] PackLoader:240 - Cannot read IP mode file for STMicroelectronics.X-CUBE-AZRTOS-F4.1.1.0
2024-05-18 01:54:43,929 [INFO] ApiDb:240 - Found 297 in-development CPN: [B-G473E-ZEST1S, B-WB1M-WPAN1, B-WL5M-SUBG1, NUCLEO-C031C6, NUCLEO-H503RB, NUCLEO-H563ZI, NUCLEO-U545RE-Q, NUCLEO-U5A5ZJ-Q, NUCLEO-WBA52CG, STEVAL-PROTEUS1, STEVAL-STWINBX1, STM320518-EVAL, STM32C0116-DK, STM32C011D6Y3TR, STM32C011D6Y6TR, STM32C011F4P3, STM32C011F4P6, STM32C011F4U3, STM32C011F4U6TR, STM32C011F6P3, STM32C011F6P6, STM32C011F6U3, STM32C011F6U6TR, STM32C011J4M3, STM32C011J4M6, STM32C011J6M3, STM32C011J6M6, STM32C0316-DK, STM32C031C4T3, STM32C031C4T6, STM32C031C4U3, STM32C031C4U6, STM32C031C6T3, STM32C031C6T6, STM32C031C6U3, STM32C031C6U6, STM32C031F4P3, STM32C031F4P6, STM32C031F6P3, STM32C031F6P6, STM32C031G4U3, STM32C031G4U6, STM32C031G6U3, STM32C031G6U6, STM32C031K4T3, STM32C031K4T6, STM32C031K4U3, STM32C031K4U6, STM32C031K6T3, STM32C031K6T6, STM32C031K6U3, STM32C031K6U6, STM32G071K8TXN, STM32G071K8UXN, STM32G081GBU6N, STM32G081KBT6N, STM32G081KBUXN, STM32G0B1CCT6N, STM32G0B1KCT6, STM32G0B1NEY6TR, STM32G0B1RCT6N, STM32G0C1CCT6, STM32G0C1CCT6N, STM32G0C1CCU6N, STM32G0C1CET6N, STM32G0C1CEU6N, STM32G0C1KCT6, STM32G0C1NEY6TR, STM32G0C1RCI6N, STM32G0C1RCT6N, STM32G0C1REI6N, STM32G0C1RET6N, STM32G0C1VCI6, STM32G0C1VEI6, STM32G471CCT6, STM32G471CCU6, STM32G471CET3, STM32G471CET6, STM32G471CEU3, STM32G471CEU6, STM32G471MCT6, STM32G471MET3, STM32G471MET6, STM32G471MEY6TR, STM32G471QCT6, STM32G471QET3, STM32G471RCT6, STM32G471RET3, STM32G471RET6, STM32G471VCH6, STM32G471VCI6, STM32G471VCT6, STM32G471VEH3, STM32G471VEH6, STM32G471VEI3, STM32G471VEI6, STM32G471VET3, STM32G471VET6, STM32G474CCT6, STM32H503CBT6, STM32H503CBU6, STM32H503EBY6TR, STM32H503KBU6, STM32H503RBT6, STM32H562AGI6, STM32H562AII6, STM32H562IGK6, STM32H562IGT6, STM32H562IIK6, STM32H562IIT6, STM32H562RGT6, STM32H562RGV6, STM32H562RIT6, STM32H562RIV6, STM32H562VGT6, STM32H562VIT6, STM32H562ZGT6, STM32H562ZIT6, STM32H563AGI6, STM32H563AII3Q, STM32H563AII6, STM32H563IGK6, STM32H563IGT6, STM32H563IIK3Q, STM32H563IIK6, STM32H563IIT3Q, STM32H563IIT6, STM32H563MIY3QTR, STM32H563RGT6, STM32H563RGV6, STM32H563RIT6, STM32H563RIV6, STM32H563VGT6, STM32H563VIT3Q, STM32H563VIT6, STM32H563ZGT6, STM32H563ZIT3Q, STM32H563ZIT6, STM32H573AII3Q, STM32H573AII6, STM32H573I-DK, STM32H573IIK3Q, STM32H573IIK6, STM32H573IIT3Q, STM32H573IIT6, STM32H573MIY3QTR, STM32H573RIT6, STM32H573RIV6, STM32H573VIT3Q, STM32H573VIT6, STM32H573ZIT3Q, STM32H573ZIT6, STM32L4R5QGI6STR, STM32MP131AAE3, STM32MP131AAF3, STM32MP131AAG3, STM32MP131CAE3, STM32MP131CAF3, STM32MP131CAG3, STM32MP131DAE7, STM32MP131DAF7, STM32MP131DAG7, STM32MP131FAE7, STM32MP131FAF7, STM32MP131FAG7, STM32MP133AAE3, STM32MP133AAF3, STM32MP133AAG3, STM32MP133CAE3, STM32MP133CAF3, STM32MP133CAG3, STM32MP133DAE7, STM32MP133DAF7, STM32MP133DAG7, STM32MP133FAE7, STM32MP133FAF7, STM32MP133FAG7, STM32MP135AAE3, STM32MP135AAF3, STM32MP135AAG3, STM32MP135CAE3, STM32MP135CAF3, STM32MP135CAG3, STM32MP135DAE7, STM32MP135DAF7, STM32MP135DAG7, STM32MP135F-DK, STM32MP135FAE7, STM32MP135FAF7, STM32MP135FAF7T, STM32MP135FAF7U, STM32MP135FAG7, STM32U535CBT6, STM32U535CBT6Q, STM32U535CBU6, STM32U535CBU6Q, STM32U535CCT6, STM32U535CCT6Q, STM32U535CCU6, STM32U535CCU6Q, STM32U535CET6, STM32U535CET6Q, STM32U535CEU6, STM32U535CEU6Q, STM32U535JEY6QTR, STM32U535NCY6QTR, STM32U535NEY6QTR, STM32U535RBI6, STM32U535RBI6Q, STM32U535RBT6, STM32U535RBT6Q, STM32U535RCI6, STM32U535RCI6Q, STM32U535RCT6, STM32U535RCT6Q, STM32U535REI6, STM32U535REI6Q, STM32U535RET6, STM32U535RET6Q, STM32U535VCI6, STM32U535VCI6Q, STM32U535VCT6, STM32U535VCT6Q, STM32U535VEI6, STM32U535VEI6Q, STM32U535VET6, STM32U535VET6Q, STM32U545CET6, STM32U545CET6Q, STM32U545CEU6, STM32U545CEU6Q, STM32U545JEY6QTR, STM32U545NEY6QTR, STM32U545REI6, STM32U545REI6Q, STM32U545RET6, STM32U545RET6Q, STM32U545VEI6, STM32U545VEI6Q, STM32U545VET6, STM32U545VET6Q, STM32U595AIH6, STM32U595AIH6Q, STM32U595AJH6, STM32U595AJH6Q, STM32U595QII6, STM32U595QII6Q, STM32U595QJI6, STM32U595QJI6Q, STM32U595RIT6, STM32U595RIT6Q, STM32U595RJT6, STM32U595RJT6Q, STM32U595VIT6, STM32U595VIT6Q, STM32U595VJT6, STM32U595VJT6Q, STM32U595ZIT6, STM32U595ZIT6Q, STM32U595ZIY6QTR, STM32U595ZJT6, STM32U595ZJT6Q, STM32U595ZJY6QTR, STM32U599BJY6QTR, STM32U599NIH6Q, STM32U599NJH6Q, STM32U599VIT6Q, STM32U599VJT6, STM32U599VJT6Q, STM32U599ZIT6Q, STM32U599ZIY6QTR, STM32U599ZJT6Q, STM32U599ZJY6QTR, STM32U5A5AJH6, STM32U5A5AJH6Q, STM32U5A5QJI6, STM32U5A5QJI6Q, STM32U5A5RJT6, STM32U5A5RJT6Q, STM32U5A5VJT6, STM32U5A5VJT6Q, STM32U5A5ZJT6, STM32U5A5ZJT6Q, STM32U5A5ZJY6QTR, STM32U5A9BJY6QTR, STM32U5A9J-DK, STM32U5A9NJH6Q, STM32U5A9VJT6Q, STM32U5A9ZJT6Q, STM32U5A9ZJY6QTR, STM32WB1MMCH6, STM32WBA52CEU6, STM32WBA52CEU6T, STM32WBA52CGU6, STM32WBA52CGU6T, STM32WL5MOCH6, STM32WL5MOCH6TR]
2024-05-18 01:54:43,931 [INFO] DbMcus:216 - Found 4066 MCUs, 4066 are supported
2024-05-18 01:54:43,931 [WARN] PackLoader:240 - Cannot read IP mode file for STMicroelectronics.X-CUBE-SMBUS.2.1.0
2024-05-18 01:54:43,934 [INFO] ApiDb:423 - Load user favorites file C:\Users\Shivam/.stm32cubeide/favorites.mcus.txt: 0 item(s)
2024-05-18 01:54:43,934 [INFO] ApiDb:427 - User favorites MCUs=[]
2024-05-18 01:54:43,934 [INFO] DbMcus:222 - Set 0 / 0 favorites MCUs
2024-05-18 01:54:43,952 [WARN] PackLoader:240 - Cannot read IP mode file for STMicroelectronics.X-CUBE-AZRTOS-F7.1.1.0
2024-05-18 01:54:43,959 [WARN] PackLoader:240 - Cannot read IP mode file for STMicroelectronics.X-CUBE-DISPLAY.3.0.0
2024-05-18 01:54:43,969 [WARN] PackLoader:240 - Cannot read IP mode file for STMicroelectronics.X-CUBE-SFXS2LP1.4.0.0
2024-05-18 01:54:43,973 [WARN] PackLoader:240 - Cannot read IP mode file for STMicroelectronics.X-CUBE-BLE2.3.3.0
2024-05-18 01:54:43,981 [WARN] PackLoader:240 - Cannot read IP mode file for STMicroelectronics.X-CUBE-AZRTOS-G0.1.1.0
2024-05-18 01:54:43,989 [WARN] PackLoader:240 - Cannot read IP mode file for STMicroelectronics.X-CUBE-SUBG2.5.0.0
2024-05-18 01:54:43,995 [WARN] PackLoader:240 - Cannot read IP mode file for STMicroelectronics.X-CUBE-NFC4.3.0.0
2024-05-18 01:54:43,997 [WARN] PackLoader:240 - Cannot read IP mode file for STMicroelectronics.FP-ATR-SIGFOX1.3.2.0
2024-05-18 01:54:43,999 [WARN] PackLoader:240 - Cannot read IP mode file for STMicroelectronics.X-CUBE-ALS.1.0.1
2024-05-18 01:54:44,002 [WARN] PackLoader:240 - Cannot read IP mode file for STMicroelectronics.FP-ATR-ASTRA1.2.0.0
2024-05-18 01:54:44,003 [INFO] ThirdParty:978 - Integrity check success = true
2024-05-18 01:54:44,003 [INFO] IntegrityCheckThread:100 - exiting critical section [integrity check]
2024-05-18 01:54:44,003 [INFO] IntegrityCheckThread:103 - End integrity checks thread
2024-05-18 01:54:44,125 [INFO] ApiDb:668 - CubeFinder database Data Model version=2.1
2024-05-18 01:54:44,125 [INFO] ApiDb:669 - CubeFinder database Configuration version=3.0.39
2024-05-18 01:54:44,125 [INFO] ApiDb:670 - CubeFinder database generation date=2024-04-15 (1713193726)
2024-05-18 01:54:44,125 [INFO] ApiDb:671 - CubeFinder database FW Pack versions=[FP-ATR-ASTRA1_V2.0.0, FP-SNS-FLIGHT1_V5.0.1, FP-SNS-FLIGHT1_V5.0.2, FP-SNS-MOTENV1_V4.3.1, FP-SNS-MOTENV1_V4.3.2, FP-SNS-MOTENVWB1_V1.3.1, FP-SNS-SMARTAG2_V1.2.0, STM32Cube_FW_C0_V1.1.0, STM32Cube_FW_F4_V1.28.0, STM32Cube_FW_F7_V1.17.0, STM32Cube_FW_G0_V1.6.2, STM32Cube_FW_G4_V1.5.2, STM32Cube_FW_H5_V0.5.1, STM32Cube_FW_H5_V1.1.1, STM32Cube_FW_H5_V1.2.0, STM32Cube_FW_H5_V1.2.0RC4, STM32Cube_FW_H7RS_V1.0.0, STM32Cube_FW_H7RS_V1.0.0RC4, STM32Cube_FW_H7_V1.11.0, STM32Cube_FW_L0_V1.12.2, STM32Cube_FW_L5_V1.5.1, STM32Cube_FW_U0_V1.0.0, STM32Cube_FW_U0_V1.0.0RC1, STM32Cube_FW_U5_V1.3.0RC4, STM32Cube_FW_U5_V1.5.0, STM32Cube_FW_U5_V1.5.0RC1, STM32Cube_FW_WBA_V1.0.0RC1, STM32Cube_FW_WBA_V1.2.0, STM32Cube_FW_WBA_V1.2.0RC2, STM32Cube_FW_WBA_V1.3.0, STM32Cube_FW_WBA_V1.3.0RC1, STM32Cube_FW_WB_V1.15.0RC1, STM32Cube_FW_WB_V1.16.0, STM32Cube_FW_WB_V1.16.0RC2, STM32Cube_FW_WB_V1.18.0, STM32Cube_FW_WB_V1.19.0, STM32Cube_FW_WL_V1.3.0, X-CUBE-ALGOBUILD_V1.3.0, X-CUBE-ALS_V1.0.1, X-CUBE-AZRTOS-F4_V1.1.0, X-CUBE-AZRTOS-F7_V1.1.0, X-CUBE-AZRTOS-G0_V1.1.0, X-CUBE-AZRTOS-G4_V2.0.0, X-CUBE-AZRTOS-H7_V3.2.0, X-CUBE-AZRTOS-L4_V1.0.0, X-CUBE-AZRTOS-L4_V2.0.0, X-CUBE-AZRTOS-L5_V1.1.0, X-CUBE-AZRTOS-WB_V2.0.0, X-CUBE-AZRTOS-WL_V2.0.0, X-CUBE-BLE1_V7.0.0, X-CUBE-BLE2_V3.3.0, X-CUBE-BLEMGR_V3.1.0, X-CUBE-EEPRMA1_V4.1.0, X-CUBE-EEPRMA1_V5.1.0, X-CUBE-FREERTOS_V1.1.0, X-CUBE-GNSS1_V6.0.0, X-CUBE-MEMS1_V10.0.0, X-CUBE-MEMS1_V9.1.0, X-CUBE-MEMS1_V9.4.0, X-CUBE-MEMS1_V9.6.0, X-CUBE-NFC4_V3.0.0, X-CUBE-NFC7_V1.0.1, X-CUBE-SFXS2LP1_V4.0.0, X-CUBE-SUBG2_V5.0.0, X-CUBE-TOF1_V3.4.0]
2024-05-18 01:54:44,155 [INFO] DbBoardsSqlite:226 - include board P-NUCLEO-WB55-NUCLEO as a kit item of type 'Nucleo-64'
2024-05-18 01:54:44,155 [INFO] DbBoardsSqlite:226 - include board P-NUCLEO-WB55-USBDONGLE as a kit item of type 'Nucleo USB Dongle'
2024-05-18 01:54:44,156 [INFO] DbBoardsSqlite:226 - include board STEVAL-IDP005V1 as a kit item of type 'Evaluation Board'
2024-05-18 01:54:44,156 [INFO] DbBoardsSqlite:226 - include board STEVAL-IDP005V2 as a kit item of type 'Evaluation Board'
2024-05-18 01:54:44,183 [INFO] ApiDb:240 - Found 297 in-development CPN: [B-G473E-ZEST1S, B-WB1M-WPAN1, B-WL5M-SUBG1, NUCLEO-C031C6, NUCLEO-H503RB, NUCLEO-H563ZI, NUCLEO-U545RE-Q, NUCLEO-U5A5ZJ-Q, NUCLEO-WBA52CG, STEVAL-PROTEUS1, STEVAL-STWINBX1, STM320518-EVAL, STM32C0116-DK, STM32C011D6Y3TR, STM32C011D6Y6TR, STM32C011F4P3, STM32C011F4P6, STM32C011F4U3, STM32C011F4U6TR, STM32C011F6P3, STM32C011F6P6, STM32C011F6U3, STM32C011F6U6TR, STM32C011J4M3, STM32C011J4M6, STM32C011J6M3, STM32C011J6M6, STM32C0316-DK, STM32C031C4T3, STM32C031C4T6, STM32C031C4U3, STM32C031C4U6, STM32C031C6T3, STM32C031C6T6, STM32C031C6U3, STM32C031C6U6, STM32C031F4P3, STM32C031F4P6, STM32C031F6P3, STM32C031F6P6, STM32C031G4U3, STM32C031G4U6, STM32C031G6U3, STM32C031G6U6, STM32C031K4T3, STM32C031K4T6, STM32C031K4U3, STM32C031K4U6, STM32C031K6T3, STM32C031K6T6, STM32C031K6U3, STM32C031K6U6, STM32G071K8TXN, STM32G071K8UXN, STM32G081GBU6N, STM32G081KBT6N, STM32G081KBUXN, STM32G0B1CCT6N, STM32G0B1KCT6, STM32G0B1NEY6TR, STM32G0B1RCT6N, STM32G0C1CCT6, STM32G0C1CCT6N, STM32G0C1CCU6N, STM32G0C1CET6N, STM32G0C1CEU6N, STM32G0C1KCT6, STM32G0C1NEY6TR, STM32G0C1RCI6N, STM32G0C1RCT6N, STM32G0C1REI6N, STM32G0C1RET6N, STM32G0C1VCI6, STM32G0C1VEI6, STM32G471CCT6, STM32G471CCU6, STM32G471CET3, STM32G471CET6, STM32G471CEU3, STM32G471CEU6, STM32G471MCT6, STM32G471MET3, STM32G471MET6, STM32G471MEY6TR, STM32G471QCT6, STM32G471QET3, STM32G471RCT6, STM32G471RET3, STM32G471RET6, STM32G471VCH6, STM32G471VCI6, STM32G471VCT6, STM32G471VEH3, STM32G471VEH6, STM32G471VEI3, STM32G471VEI6, STM32G471VET3, STM32G471VET6, STM32G474CCT6, STM32H503CBT6, STM32H503CBU6, STM32H503EBY6TR, STM32H503KBU6, STM32H503RBT6, STM32H562AGI6, STM32H562AII6, STM32H562IGK6, STM32H562IGT6, STM32H562IIK6, STM32H562IIT6, STM32H562RGT6, STM32H562RGV6, STM32H562RIT6, STM32H562RIV6, STM32H562VGT6, STM32H562VIT6, STM32H562ZGT6, STM32H562ZIT6, STM32H563AGI6, STM32H563AII3Q, STM32H563AII6, STM32H563IGK6, STM32H563IGT6, STM32H563IIK3Q, STM32H563IIK6, STM32H563IIT3Q, STM32H563IIT6, STM32H563MIY3QTR, STM32H563RGT6, STM32H563RGV6, STM32H563RIT6, STM32H563RIV6, STM32H563VGT6, STM32H563VIT3Q, STM32H563VIT6, STM32H563ZGT6, STM32H563ZIT3Q, STM32H563ZIT6, STM32H573AII3Q, STM32H573AII6, STM32H573I-DK, STM32H573IIK3Q, STM32H573IIK6, STM32H573IIT3Q, STM32H573IIT6, STM32H573MIY3QTR, STM32H573RIT6, STM32H573RIV6, STM32H573VIT3Q, STM32H573VIT6, STM32H573ZIT3Q, STM32H573ZIT6, STM32L4R5QGI6STR, STM32MP131AAE3, STM32MP131AAF3, STM32MP131AAG3, STM32MP131CAE3, STM32MP131CAF3, STM32MP131CAG3, STM32MP131DAE7, STM32MP131DAF7, STM32MP131DAG7, STM32MP131FAE7, STM32MP131FAF7, STM32MP131FAG7, STM32MP133AAE3, STM32MP133AAF3, STM32MP133AAG3, STM32MP133CAE3, STM32MP133CAF3, STM32MP133CAG3, STM32MP133DAE7, STM32MP133DAF7, STM32MP133DAG7, STM32MP133FAE7, STM32MP133FAF7, STM32MP133FAG7, STM32MP135AAE3, STM32MP135AAF3, STM32MP135AAG3, STM32MP135CAE3, STM32MP135CAF3, STM32MP135CAG3, STM32MP135DAE7, STM32MP135DAF7, STM32MP135DAG7, STM32MP135F-DK, STM32MP135FAE7, STM32MP135FAF7, STM32MP135FAF7T, STM32MP135FAF7U, STM32MP135FAG7, STM32U535CBT6, STM32U535CBT6Q, STM32U535CBU6, STM32U535CBU6Q, STM32U535CCT6, STM32U535CCT6Q, STM32U535CCU6, STM32U535CCU6Q, STM32U535CET6, STM32U535CET6Q, STM32U535CEU6, STM32U535CEU6Q, STM32U535JEY6QTR, STM32U535NCY6QTR, STM32U535NEY6QTR, STM32U535RBI6, STM32U535RBI6Q, STM32U535RBT6, STM32U535RBT6Q, STM32U535RCI6, STM32U535RCI6Q, STM32U535RCT6, STM32U535RCT6Q, STM32U535REI6, STM32U535REI6Q, STM32U535RET6, STM32U535RET6Q, STM32U535VCI6, STM32U535VCI6Q, STM32U535VCT6, STM32U535VCT6Q, STM32U535VEI6, STM32U535VEI6Q, STM32U535VET6, STM32U535VET6Q, STM32U545CET6, STM32U545CET6Q, STM32U545CEU6, STM32U545CEU6Q, STM32U545JEY6QTR, STM32U545NEY6QTR, STM32U545REI6, STM32U545REI6Q, STM32U545RET6, STM32U545RET6Q, STM32U545VEI6, STM32U545VEI6Q, STM32U545VET6, STM32U545VET6Q, STM32U595AIH6, STM32U595AIH6Q, STM32U595AJH6, STM32U595AJH6Q, STM32U595QII6, STM32U595QII6Q, STM32U595QJI6, STM32U595QJI6Q, STM32U595RIT6, STM32U595RIT6Q, STM32U595RJT6, STM32U595RJT6Q, STM32U595VIT6, STM32U595VIT6Q, STM32U595VJT6, STM32U595VJT6Q, STM32U595ZIT6, STM32U595ZIT6Q, STM32U595ZIY6QTR, STM32U595ZJT6, STM32U595ZJT6Q, STM32U595ZJY6QTR, STM32U599BJY6QTR, STM32U599NIH6Q, STM32U599NJH6Q, STM32U599VIT6Q, STM32U599VJT6, STM32U599VJT6Q, STM32U599ZIT6Q, STM32U599ZIY6QTR, STM32U599ZJT6Q, STM32U599ZJY6QTR, STM32U5A5AJH6, STM32U5A5AJH6Q, STM32U5A5QJI6, STM32U5A5QJI6Q, STM32U5A5RJT6, STM32U5A5RJT6Q, STM32U5A5VJT6, STM32U5A5VJT6Q, STM32U5A5ZJT6, STM32U5A5ZJT6Q, STM32U5A5ZJY6QTR, STM32U5A9BJY6QTR, STM32U5A9J-DK, STM32U5A9NJH6Q, STM32U5A9VJT6Q, STM32U5A9ZJT6Q, STM32U5A9ZJY6QTR, STM32WB1MMCH6, STM32WBA52CEU6, STM32WBA52CEU6T, STM32WBA52CGU6, STM32WBA52CGU6T, STM32WL5MOCH6, STM32WL5MOCH6TR]
2024-05-18 01:54:44,215 [INFO] BoardInfo:880 - No configuration file found for board NUCLEO-H533RE
2024-05-18 01:54:44,215 [INFO] DbBoards:157 - Board is not supported: NUCLEO-H533RE
2024-05-18 01:54:44,221 [INFO] BoardInfo:880 - No configuration file found for board NUCLEO-H7S3L8
2024-05-18 01:54:44,221 [INFO] DbBoards:157 - Board is not supported: NUCLEO-H7S3L8
2024-05-18 01:54:44,233 [INFO] BoardInfo:880 - No configuration file found for board NUCLEO-U031R8
2024-05-18 01:54:44,233 [INFO] DbBoards:157 - Board is not supported: NUCLEO-U031R8
2024-05-18 01:54:44,234 [INFO] BoardInfo:880 - No configuration file found for board NUCLEO-U083RC
2024-05-18 01:54:44,234 [INFO] DbBoards:157 - Board is not supported: NUCLEO-U083RC
2024-05-18 01:54:44,238 [INFO] BoardInfo:880 - No configuration file found for board NUCLEO-WBA55CG
2024-05-18 01:54:44,238 [INFO] DbBoards:157 - Board is not supported: NUCLEO-WBA55CG
2024-05-18 01:54:44,241 [INFO] BoardInfo:880 - No configuration file found for board P-NUCLEO-WB55
2024-05-18 01:54:44,241 [INFO] DbBoards:157 - Kit is not supported: P-NUCLEO-WB55
2024-05-18 01:54:44,243 [INFO] BoardInfo:880 - No configuration file found for board STEVAL-BFA001V1B
2024-05-18 01:54:44,243 [INFO] DbBoards:157 - Kit is not supported: STEVAL-BFA001V1B
2024-05-18 01:54:44,243 [INFO] BoardInfo:880 - No configuration file found for board STEVAL-BFA001V2B
2024-05-18 01:54:44,244 [INFO] DbBoards:157 - Kit is not supported: STEVAL-BFA001V2B
2024-05-18 01:54:44,245 [INFO] BoardInfo:880 - No configuration file found for board STEVAL-MKBOXPRO
2024-05-18 01:54:44,245 [INFO] DbBoards:157 - Board is not supported: STEVAL-MKBOXPRO
2024-05-18 01:54:44,247 [INFO] BoardInfo:880 - No configuration file found for board STEVAL-SMARTAG2
2024-05-18 01:54:44,247 [INFO] DbBoards:157 - Board is not supported: STEVAL-SMARTAG2
2024-05-18 01:54:44,297 [INFO] BoardInfo:880 - No configuration file found for board STM32H7S78-DK
2024-05-18 01:54:44,297 [INFO] DbBoards:157 - Board is not supported: STM32H7S78-DK
2024-05-18 01:54:44,312 [INFO] BoardInfo:880 - No configuration file found for board STM32U083C-DK
2024-05-18 01:54:44,312 [INFO] DbBoards:157 - Board is not supported: STM32U083C-DK
2024-05-18 01:54:44,313 [INFO] BoardInfo:880 - No configuration file found for board STM32U5G9J-DK1
2024-05-18 01:54:44,313 [INFO] DbBoards:157 - Board is not supported: STM32U5G9J-DK1
2024-05-18 01:54:44,314 [INFO] BoardInfo:880 - No configuration file found for board STM32U5G9J-DK2
2024-05-18 01:54:44,314 [INFO] DbBoards:157 - Board is not supported: STM32U5G9J-DK2
2024-05-18 01:54:44,316 [INFO] BoardInfo:880 - No configuration file found for board STM32WBA55G-DK1
2024-05-18 01:54:44,316 [INFO] DbBoards:157 - Board is not supported: STM32WBA55G-DK1
2024-05-18 01:54:44,316 [INFO] DbBoards:161 - Found 199 boards, 184 are supported
2024-05-18 01:54:44,318 [INFO] ApiDb:414 - User favorites file not found: C:\Users\Shivam/.stm32cubeide/favorites.boards.txt
2024-05-18 01:54:44,318 [INFO] DbBoards:190 - Set 0 / 0 favorites Boards
2024-05-18 01:54:44,319 [INFO] ApiDb:668 - CubeFinder database Data Model version=2.1
2024-05-18 01:54:44,319 [INFO] ApiDb:669 - CubeFinder database Configuration version=3.0.39
2024-05-18 01:54:44,319 [INFO] ApiDb:670 - CubeFinder database generation date=2024-04-15 (1713193726)
2024-05-18 01:54:44,321 [INFO] ApiDb:671 - CubeFinder database FW Pack versions=[FP-ATR-ASTRA1_V2.0.0, FP-SNS-FLIGHT1_V5.0.1, FP-SNS-FLIGHT1_V5.0.2, FP-SNS-MOTENV1_V4.3.1, FP-SNS-MOTENV1_V4.3.2, FP-SNS-MOTENVWB1_V1.3.1, FP-SNS-SMARTAG2_V1.2.0, STM32Cube_FW_C0_V1.1.0, STM32Cube_FW_F4_V1.28.0, STM32Cube_FW_F7_V1.17.0, STM32Cube_FW_G0_V1.6.2, STM32Cube_FW_G4_V1.5.2, STM32Cube_FW_H5_V0.5.1, STM32Cube_FW_H5_V1.1.1, STM32Cube_FW_H5_V1.2.0, STM32Cube_FW_H5_V1.2.0RC4, STM32Cube_FW_H7RS_V1.0.0, STM32Cube_FW_H7RS_V1.0.0RC4, STM32Cube_FW_H7_V1.11.0, STM32Cube_FW_L0_V1.12.2, STM32Cube_FW_L5_V1.5.1, STM32Cube_FW_U0_V1.0.0, STM32Cube_FW_U0_V1.0.0RC1, STM32Cube_FW_U5_V1.3.0RC4, STM32Cube_FW_U5_V1.5.0, STM32Cube_FW_U5_V1.5.0RC1, STM32Cube_FW_WBA_V1.0.0RC1, STM32Cube_FW_WBA_V1.2.0, STM32Cube_FW_WBA_V1.2.0RC2, STM32Cube_FW_WBA_V1.3.0, STM32Cube_FW_WBA_V1.3.0RC1, STM32Cube_FW_WB_V1.15.0RC1, STM32Cube_FW_WB_V1.16.0, STM32Cube_FW_WB_V1.16.0RC2, STM32Cube_FW_WB_V1.18.0, STM32Cube_FW_WB_V1.19.0, STM32Cube_FW_WL_V1.3.0, X-CUBE-ALGOBUILD_V1.3.0, X-CUBE-ALS_V1.0.1, X-CUBE-AZRTOS-F4_V1.1.0, X-CUBE-AZRTOS-F7_V1.1.0, X-CUBE-AZRTOS-G0_V1.1.0, X-CUBE-AZRTOS-G4_V2.0.0, X-CUBE-AZRTOS-H7_V3.2.0, X-CUBE-AZRTOS-L4_V1.0.0, X-CUBE-AZRTOS-L4_V2.0.0, X-CUBE-AZRTOS-L5_V1.1.0, X-CUBE-AZRTOS-WB_V2.0.0, X-CUBE-AZRTOS-WL_V2.0.0, X-CUBE-BLE1_V7.0.0, X-CUBE-BLE2_V3.3.0, X-CUBE-BLEMGR_V3.1.0, X-CUBE-EEPRMA1_V4.1.0, X-CUBE-EEPRMA1_V5.1.0, X-CUBE-FREERTOS_V1.1.0, X-CUBE-GNSS1_V6.0.0, X-CUBE-MEMS1_V10.0.0, X-CUBE-MEMS1_V9.1.0, X-CUBE-MEMS1_V9.4.0, X-CUBE-MEMS1_V9.6.0, X-CUBE-NFC4_V3.0.0, X-CUBE-NFC7_V1.0.1, X-CUBE-SFXS2LP1_V4.0.0, X-CUBE-SUBG2_V5.0.0, X-CUBE-TOF1_V3.4.0]
2024-05-18 01:54:44,718 [ERROR] DbExamplesSqlite:418 - Missing JSON key: board_cpn
2024-05-18 01:54:44,718 [ERROR] DbExamplesSqlite:418 - Missing JSON key: board_cpn
2024-05-18 01:54:44,718 [ERROR] DbExamplesSqlite:418 - Missing JSON key: board_cpn
2024-05-18 01:54:44,718 [ERROR] DbExamplesSqlite:418 - Missing JSON key: board_cpn
2024-05-18 01:54:44,765 [INFO] DbExamplesSqlite:376 - Ignored 60 examples not supported by CubeIDE
2024-05-18 01:54:44,765 [INFO] DbExamplesSqlite:377 - Found 8152 examples active
2024-05-18 01:54:44,766 [INFO] DbExamplesSqlite:378 - Found 871 examples obsolete
2024-05-18 01:54:44,766 [INFO] DbExamplesSqlite:379 - Found 0 examples under development
2024-05-18 01:54:44,766 [INFO] DbExamplesSqlite:380 - Found 10 examples not building
2024-05-18 01:54:44,767 [INFO] DbExamples:125 - Found 8102 examples
2024-05-18 01:54:44,773 [INFO] DbExamples:222 - Found 101 boards with related examples
2024-05-18 01:54:44,774 [INFO] DbExamples:235 - Found 86 MCUs with related examples
2024-05-18 01:54:44,783 [INFO] ApiDb:414 - User favorites file not found: C:\Users\Shivam/.stm32cubeide/favorites.examples.txt
2024-05-18 01:54:44,783 [INFO] DbExamples:250 - Set 0 / 0 favorites Examples
2024-05-18 01:54:44,885 [INFO] McuFinderGlobals:66 - Set McuFinderConnectedMode to true
2024-05-18 01:54:44,891 [INFO] MultiScanPanel:200 - Auto-refresh data requested => check proxy status ongoing
2024-05-18 01:54:44,894 [INFO] FinderPluginLoader:95 - Searching for filters in installed packs
2024-05-18 01:54:45,561 [INFO] LoadUrlFilesThread:185 - End of LoadServerUrlFiles without Thread
2024-05-18 01:54:45,568 [INFO] DetailPanel:341 - Set advertising image to C:/Users/Shivam/STM32Cube/Repository/\en.prom-stm32h7rs-mcu-finder.jpg
2024-05-18 01:55:11,654 [INFO] McuFinderGlobals:66 - Set McuFinderConnectedMode to true
2024-05-18 01:55:11,903 [INFO] ApiDb:448 - Save user favorites file C:\Users\Shivam/.stm32cubeide/favorites.mcus.txt: 0 item(s)
2024-05-18 01:55:11,903 [INFO] ApiDb:452 - User favorites MCUs=[]
2024-05-18 01:57:57,069 [INFO] Activator:176 - 


2024-05-18 01:57:57,069 [INFO] Activator:177 - !SESSION log4j initialized
2024-05-18 01:58:00,194 [INFO] LogOutputStream:77 - [STDOUT_REDIRECT] 
2024-05-18 01:58:20,871 [ERROR] LogOutputStream:75 - [STDERR_REDIRECT] SLF4J: Failed to load class "org.slf4j.impl.StaticLoggerBinder".
2024-05-18 01:58:20,872 [ERROR] LogOutputStream:75 - [STDERR_REDIRECT] SLF4J: Defaulting to no-operation (NOP) logger implementation
2024-05-18 01:58:20,872 [ERROR] LogOutputStream:75 - [STDERR_REDIRECT] SLF4J: See http://www.slf4j.org/codes.html#StaticLoggerBinder for further details.
